2026-06-10 09:02:04:24 [HTTP]: GET /api/user/me | Status: 401 | Size: 32 B | Time: 50.214 ms | User: anonymous (anonymous)
2026-06-10 09:02:04:24 [HTTP]: GET /api/user/notifications | Status: 401 | Size: 32 B | Time: 4.323 ms | User: anonymous (anonymous)
2026-06-10 09:02:04:24 [HTTP]: GET /api/user/me | Status: 401 | Size: 32 B | Time: 2.876 ms | User: anonymous (anonymous)
2026-06-10 09:02:04:24 [HTTP]: GET /api/uploads/profilePicture-1779344962274-276432023.jpg | Status: 304 | Size: - B | Time: 82.372 ms | User: anonymous (anonymous)
2026-06-10 09:02:04:24 [HTTP]: GET /api/tasks | Status: 401 | Size: 32 B | Time: 3.280 ms | User: anonymous (anonymous)
2026-06-10 09:02:04:24 [HTTP]: GET /api/user/notifications | Status: 401 | Size: 32 B | Time: 4.586 ms | User: anonymous (anonymous)
2026-06-10 09:02:04:24 [HTTP]: GET /api/user/me | Status: 401 | Size: 32 B | Time: 3.131 ms | User: anonymous (anonymous)
2026-06-10 09:02:04:24 [HTTP]: GET /api/uploads/profilePicture-1778734473730-277927101.jpg | Status: 304 | Size: - B | Time: 32.767 ms | User: anonymous (anonymous)
2026-06-10 09:02:04:24 [HTTP]: GET /api/user/me | Status: 401 | Size: 32 B | Time: 2.776 ms | User: anonymous (anonymous)
2026-06-10 09:02:04:24 [HTTP]: GET /api/tasks | Status: 401 | Size: 32 B | Time: 2.733 ms | User: anonymous (anonymous)
2026-06-10 09:02:04:24 [HTTP]: GET /api/tasks | Status: 401 | Size: 32 B | Time: 3.124 ms | User: anonymous (anonymous)
2026-06-10 09:02:04:24 [HTTP]: GET /api/tasks | Status: 401 | Size: 32 B | Time: 3.007 ms | User: anonymous (anonymous)
2026-06-10 09:02:04:24 [HTTP]: GET /api/tasks | Status: 401 | Size: 32 B | Time: 1.715 ms | User: anonymous (anonymous)
2026-06-10 09:02:04:24 [HTTP]: GET /api/tasks | Status: 401 | Size: 32 B | Time: 1.250 ms | User: anonymous (anonymous)
2026-06-10 09:06:52:652 [HTTP]: POST /api/login | Status: 200 | Size: 126 B | Time: 5210.250 ms | User: anonymous (anonymous)
2026-06-10 09:07:37:737 [HTTP]: POST /api/verify-otp | Status: 200 | Size: 1170 B | Time: 33.934 ms | User: anonymous (anonymous)
2026-06-10 09:07:37:737 [HTTP]: GET /api/uploads/profilePicture-1779344962274-276432023.jpg | Status: 304 | Size: - B | Time: 4.637 ms | User: anonymous (anonymous)
2026-06-10 09:08:06:86 [HTTP]: GET /api/uploads/profilePicture-1779260037740-725820745.jpeg | Status: 304 | Size: - B | Time: 1.453 ms | User: anonymous (anonymous)
2026-06-10 09:08:06:86 [HTTP]: GET /api/uploads/profilePicture-1778734473730-277927101.jpg | Status: 304 | Size: - B | Time: 2.220 ms | User: anonymous (anonymous)
2026-06-10 09:08:06:86 [HTTP]: GET /api/uploads/profilePicture-1778825940647-864798375.jpg | Status: 304 | Size: - B | Time: 4.599 ms | User: anonymous (anonymous)
2026-06-10 09:09:16:916 [HTTP]: GET /api/uploads/profilePicture-1779260037740-725820745.jpeg | Status: 304 | Size: - B | Time: 1.105 ms | User: anonymous (anonymous)
2026-06-10 09:09:16:916 [HTTP]: GET /api/uploads/profilePicture-1778734473730-277927101.jpg | Status: 304 | Size: - B | Time: 1.977 ms | User: anonymous (anonymous)
2026-06-10 09:09:16:916 [HTTP]: GET /api/uploads/profilePicture-1778825940647-864798375.jpg | Status: 304 | Size: - B | Time: 3.252 ms | User: anonymous (anonymous)
2026-06-10 09:09:39:939 [HTTP]: POST /api/login | Status: 200 | Size: 132 B | Time: 3588.489 ms | User: anonymous (anonymous)
2026-06-10 09:10:00:100 [HTTP]: POST /api/verify-otp | Status: 200 | Size: 1198 B | Time: 13.382 ms | User: anonymous (anonymous)
2026-06-10 09:10:00:100 [HTTP]: GET /api/uploads/profilePicture-1779260037740-725820745.jpeg | Status: 304 | Size: - B | Time: 1.067 ms | User: anonymous (anonymous)
2026-06-10 09:10:27:1027 [HTTP]: GET /api/uploads/profilePicture-1778825940647-864798375.jpg | Status: 304 | Size: - B | Time: 0.944 ms | User: anonymous (anonymous)
2026-06-10 09:10:50:1050 [HTTP]: GET /api/uploads/profilePicture-1781062850259-160707504.png | Status: 200 | Size: 2341606 B | Time: 3.457 ms | User: anonymous (anonymous)
2026-06-10 16:50:23:5023 [HTTP]: GET /api/uploads/profilePicture-1781062850259-160707504.png | Status: 304 | Size: - B | Time: 42.909 ms | User: anonymous (anonymous)
