2026-06-23 09:08:14:814 [INFO]: Connected to PostgreSQL
2026-06-23 09:08:35:835 [INFO]: All models synced with PostgreSQL
2026-06-23 09:08:35:835 [INFO]: Server is running on port 5000
2026-06-23 09:08:35:835 [INFO]: [Redis] Connected successfully
2026-06-23 09:08:35:835 [INFO]: [Redis] Client is ready to accept commands
2026-06-23 09:08:45:845 [HTTP]: GET /api/user/me | Status: 401 | Size: 32 B | Time: 8.753 ms | User: anonymous (anonymous)
2026-06-23 09:08:45:845 [HTTP]: GET /api/user/me | Status: 401 | Size: 32 B | Time: 3.921 ms | User: anonymous (anonymous)
2026-06-23 09:08:45:845 [HTTP]: GET /api/chat/contacts | Status: 401 | Size: 32 B | Time: 3.573 ms | User: anonymous (anonymous)
2026-06-23 09:08:45:845 [HTTP]: GET /api/user/notifications | Status: 401 | Size: 32 B | Time: 2.072 ms | User: anonymous (anonymous)
2026-06-23 09:08:45:845 [HTTP]: GET /api/chat/contacts | Status: 401 | Size: 32 B | Time: 2.441 ms | User: anonymous (anonymous)
2026-06-23 09:09:17:917 [HTTP]: POST /api/login | Status: 200 | Size: 124 B | Time: 6237.802 ms | User: anonymous (anonymous)
2026-06-23 09:09:59:959 [HTTP]: POST /api/verify-otp | Status: 200 | Size: 1063 B | Time: 2814.126 ms | User: anonymous (anonymous)
2026-06-23 09:09:59:959 [HTTP]: GET /api/user/notifications | Status: 304 | Size: - B | Time: 502.638 ms | User: Admin User (admin@gmail.com)
2026-06-23 09:09:59:959 [HTTP]: GET /api/tasks | Status: 304 | Size: - B | Time: 743.534 ms | User: Admin User (admin@gmail.com)
2026-06-23 09:10:00:100 [HTTP]: GET /api/tasks | Status: 304 | Size: - B | Time: 502.026 ms | User: Admin User (admin@gmail.com)
2026-06-23 09:10:00:100 [HTTP]: GET /api/chat/contacts | Status: 304 | Size: - B | Time: 1770.695 ms | User: Admin User (admin@gmail.com)
2026-06-23 09:10:01:101 [HTTP]: GET /api/chat/contacts | Status: 304 | Size: - B | Time: 1017.657 ms | User: Admin User (admin@gmail.com)
2026-06-23 09:10:08:108 [HTTP]: GET /api/chat/contacts | Status: 304 | Size: - B | Time: 1022.084 ms | User: Admin User (admin@gmail.com)
2026-06-23 09:10:10:1010 [HTTP]: GET /api/chat/contacts | Status: 304 | Size: - B | Time: 1014.213 ms | User: Admin User (admin@gmail.com)
2026-06-23 09:14:12:1412 [HTTP]: GET /api/chat/contacts | Status: 304 | Size: - B | Time: 3058.795 ms | User: Admin User (admin@gmail.com)
2026-06-23 09:14:13:1413 [HTTP]: GET /api/chat/contacts | Status: 304 | Size: - B | Time: 1002.895 ms | User: Admin User (admin@gmail.com)
2026-06-23 09:15:09:159 [HTTP]: GET /api/chat/contacts | Status: 304 | Size: - B | Time: 3364.532 ms | User: Admin User (admin@gmail.com)
2026-06-23 09:15:10:1510 [HTTP]: GET /api/chat/contacts | Status: 304 | Size: - B | Time: 1031.273 ms | User: Admin User (admin@gmail.com)
2026-06-23 09:17:53:1753 [HTTP]: GET /api/tasks | Status: 304 | Size: - B | Time: 3588.174 ms | User: Admin User (admin@gmail.com)
2026-06-23 09:17:53:1753 [HTTP]: GET /api/user/notifications | Status: 304 | Size: - B | Time: 3834.699 ms | User: Admin User (admin@gmail.com)
2026-06-23 09:17:53:1753 [HTTP]: GET /api/user/me | Status: 304 | Size: - B | Time: 4118.787 ms | User: Admin User (admin@gmail.com)
2026-06-23 09:17:53:1753 [HTTP]: GET /api/tasks | Status: 304 | Size: - B | Time: 762.090 ms | User: Admin User (admin@gmail.com)
2026-06-23 09:17:54:1754 [HTTP]: GET /api/tasks | Status: 304 | Size: - B | Time: 258.133 ms | User: Admin User (admin@gmail.com)
2026-06-23 09:17:54:1754 [HTTP]: GET /api/tasks | Status: 304 | Size: - B | Time: 258.379 ms | User: Admin User (admin@gmail.com)
2026-06-23 09:18:49:1849 [HTTP]: GET /api/chat/contacts | Status: 304 | Size: - B | Time: 3376.299 ms | User: Admin User (admin@gmail.com)
2026-06-23 09:18:50:1850 [HTTP]: GET /api/chat/contacts | Status: 304 | Size: - B | Time: 1035.036 ms | User: Admin User (admin@gmail.com)
2026-06-23 09:18:51:1851 [HTTP]: GET /api/chat/messages/7b600a4b-5a06-49d1-b2a2-c8749c9f5313 | Status: 304 | Size: - B | Time: 522.939 ms | User: Admin User (admin@gmail.com)
2026-06-23 09:18:52:1852 [HTTP]: GET /api/chat/contacts | Status: 304 | Size: - B | Time: 1032.441 ms | User: Admin User (admin@gmail.com)
2026-06-23 09:18:55:1855 [HTTP]: GET /api/tasks | Status: 304 | Size: - B | Time: 365.241 ms | User: Admin User (admin@gmail.com)
2026-06-23 09:18:55:1855 [HTTP]: GET /api/tasks | Status: 304 | Size: - B | Time: 288.468 ms | User: Admin User (admin@gmail.com)
2026-06-23 09:18:58:1858 [HTTP]: GET /api/chat/contacts | Status: 304 | Size: - B | Time: 1132.777 ms | User: Admin User (admin@gmail.com)
2026-06-23 09:18:59:1859 [HTTP]: GET /api/tasks | Status: 304 | Size: - B | Time: 392.967 ms | User: Admin User (admin@gmail.com)
2026-06-23 09:18:59:1859 [HTTP]: GET /api/chat/contacts | Status: 304 | Size: - B | Time: 1289.178 ms | User: Admin User (admin@gmail.com)
2026-06-23 09:19:00:190 [HTTP]: GET /api/tasks | Status: 304 | Size: - B | Time: 508.472 ms | User: Admin User (admin@gmail.com)
2026-06-23 09:46:12:4612 [HTTP]: GET /api/admin/tasks | Status: 304 | Size: - B | Time: 1630.521 ms | User: Admin User (admin@gmail.com)
2026-06-23 09:46:13:4613 [HTTP]: GET /api/admin/tasks/all | Status: 304 | Size: - B | Time: 1877.496 ms | User: Admin User (admin@gmail.com)
2026-06-23 09:46:13:4613 [HTTP]: GET /api/admin/users | Status: 200 | Size: 2834 B | Time: 2467.922 ms | User: Admin User (admin@gmail.com)
2026-06-23 09:46:13:4613 [HTTP]: GET /api/admin/tasks | Status: 304 | Size: - B | Time: 899.296 ms | User: Admin User (admin@gmail.com)
2026-06-23 09:46:14:4614 [HTTP]: GET /api/admin/tasks/all | Status: 304 | Size: - B | Time: 774.948 ms | User: Admin User (admin@gmail.com)
2026-06-23 09:46:14:4614 [HTTP]: GET /api/admin/designations/permissions | Status: 304 | Size: - B | Time: 521.099 ms | User: Admin User (admin@gmail.com)
2026-06-23 09:46:14:4614 [HTTP]: GET /api/chat/contacts | Status: 304 | Size: - B | Time: 6300.761 ms | User: Admin User (admin@gmail.com)
2026-06-23 09:46:14:4614 [HTTP]: GET /api/admin/users | Status: 304 | Size: - B | Time: 681.187 ms | User: Admin User (admin@gmail.com)
2026-06-23 09:46:14:4614 [HTTP]: GET /api/admin/designations/permissions | Status: 304 | Size: - B | Time: 327.079 ms | User: Admin User (admin@gmail.com)
2026-06-23 09:46:15:4615 [HTTP]: GET /api/chat/contacts | Status: 304 | Size: - B | Time: 1281.505 ms | User: Admin User (admin@gmail.com)
2026-06-23 09:46:26:4626 [HTTP]: GET /api/tasks | Status: 304 | Size: - B | Time: 307.553 ms | User: Admin User (admin@gmail.com)
2026-06-23 09:46:27:4627 [HTTP]: GET /api/tasks | Status: 304 | Size: - B | Time: 316.898 ms | User: Admin User (admin@gmail.com)
2026-06-23 09:46:30:4630 [HTTP]: GET /api/chat/contacts | Status: 304 | Size: - B | Time: 1107.582 ms | User: Admin User (admin@gmail.com)
2026-06-23 09:46:31:4631 [HTTP]: GET /api/chat/contacts | Status: 304 | Size: - B | Time: 1165.993 ms | User: Admin User (admin@gmail.com)
2026-06-23 09:46:36:4636 [HTTP]: GET /api/tasks | Status: 304 | Size: - B | Time: 265.006 ms | User: Admin User (admin@gmail.com)
2026-06-23 09:46:36:4636 [HTTP]: GET /api/tasks | Status: 304 | Size: - B | Time: 262.944 ms | User: Admin User (admin@gmail.com)
2026-06-23 09:54:37:5437 [HTTP]: GET /api/chat/contacts | Status: 304 | Size: - B | Time: 3459.479 ms | User: Admin User (admin@gmail.com)
2026-06-23 09:54:37:5437 [HTTP]: GET /api/chat/contacts | Status: 304 | Size: - B | Time: 927.022 ms | User: Admin User (admin@gmail.com)
2026-06-23 09:54:47:5447 [HTTP]: GET /api/tasks | Status: 304 | Size: - B | Time: 258.570 ms | User: Admin User (admin@gmail.com)
2026-06-23 09:54:48:5448 [HTTP]: GET /api/tasks | Status: 304 | Size: - B | Time: 727.499 ms | User: Admin User (admin@gmail.com)
2026-06-23 09:57:02:572 [INFO]: Connected to PostgreSQL
2026-06-23 09:57:08:578 [INFO]: Connected to PostgreSQL
2026-06-23 09:57:16:5716 [INFO]: Connected to PostgreSQL
2026-06-23 09:57:36:5736 [INFO]: All models synced with PostgreSQL
2026-06-23 09:57:37:5737 [INFO]: Updated existing admin user department to null
2026-06-23 09:57:37:5737 [INFO]: Server is running on port 5000
2026-06-23 09:57:37:5737 [INFO]: [Redis] Connected successfully
2026-06-23 09:57:37:5737 [INFO]: [Redis] Client is ready to accept commands
2026-06-23 09:57:49:5749 [INFO]: Connected to PostgreSQL
2026-06-23 09:58:12:5812 [INFO]: All models synced with PostgreSQL
2026-06-23 09:58:12:5812 [ERROR]: Uncaught Exception! Shutting down server... listen EADDRINUSE: address already in use :::5000
Error: listen EADDRINUSE: address already in use :::5000
    at Server.setupListenHandle [as _listen2] (node:net:1937:16)
    at listenInCluster (node:net:1994:12)
    at Server.listen (node:net:2099:7)
    at file:///C:/Users/soalw/OneDrive/Desktop/inciem%20tasks/backend/server.js:188:12
    at process.processTicksAndRejections (node:internal/process/task_queues:105:5)
2026-06-23 09:58:49:5849 [HTTP]: GET /api/chat/contacts | Status: 200 | Size: 712 B | Time: 3809.015 ms | User: Admin User (admin@gmail.com)
2026-06-23 09:58:50:5850 [HTTP]: GET /api/chat/contacts | Status: 304 | Size: - B | Time: 1349.656 ms | User: Admin User (admin@gmail.com)
2026-06-23 09:58:53:5853 [HTTP]: GET /api/chat/messages/3a81e4ea-21f0-4b8f-b6bd-b1f54a190dba | Status: 200 | Size: 2 B | Time: 553.468 ms | User: Admin User (admin@gmail.com)
2026-06-23 09:58:54:5854 [HTTP]: GET /api/chat/contacts | Status: 304 | Size: - B | Time: 1346.299 ms | User: Admin User (admin@gmail.com)
2026-06-23 09:58:55:5855 [HTTP]: GET /api/chat/messages/3eb6f13e-88c6-4c1b-b86e-214c3a756fba | Status: 304 | Size: - B | Time: 638.694 ms | User: Admin User (admin@gmail.com)
2026-06-23 09:58:56:5856 [HTTP]: GET /api/chat/messages/3a81e4ea-21f0-4b8f-b6bd-b1f54a190dba | Status: 304 | Size: - B | Time: 904.553 ms | User: Admin User (admin@gmail.com)
2026-06-23 09:58:57:5857 [HTTP]: GET /api/chat/contacts | Status: 304 | Size: - B | Time: 2039.156 ms | User: Admin User (admin@gmail.com)
2026-06-23 09:58:58:5858 [HTTP]: GET /api/chat/contacts | Status: 304 | Size: - B | Time: 1385.223 ms | User: Admin User (admin@gmail.com)
2026-06-23 10:00:21:021 [HTTP]: POST /api/chat/messages | Status: 403 | Size: 64 B | Time: 2510.814 ms | User: Admin User (admin@gmail.com)
2026-06-23 10:00:27:027 [HTTP]: GET /api/chat/messages/7b600a4b-5a06-49d1-b2a2-c8749c9f5313 | Status: 304 | Size: - B | Time: 496.173 ms | User: Admin User (admin@gmail.com)
2026-06-23 10:00:29:029 [HTTP]: GET /api/chat/messages/3a81e4ea-21f0-4b8f-b6bd-b1f54a190dba | Status: 304 | Size: - B | Time: 757.240 ms | User: Admin User (admin@gmail.com)
2026-06-23 10:00:29:029 [HTTP]: GET /api/chat/contacts | Status: 304 | Size: - B | Time: 1707.515 ms | User: Admin User (admin@gmail.com)
2026-06-23 10:00:30:030 [HTTP]: GET /api/chat/contacts | Status: 304 | Size: - B | Time: 1240.353 ms | User: Admin User (admin@gmail.com)
2026-06-23 10:00:30:030 [HTTP]: GET /api/chat/messages/7b600a4b-5a06-49d1-b2a2-c8749c9f5313 | Status: 304 | Size: - B | Time: 521.873 ms | User: Admin User (admin@gmail.com)
2026-06-23 10:00:32:032 [HTTP]: GET /api/chat/contacts | Status: 304 | Size: - B | Time: 1296.785 ms | User: Admin User (admin@gmail.com)
2026-06-23 10:00:35:035 [HTTP]: POST /api/chat/messages | Status: 403 | Size: 64 B | Time: 524.057 ms | User: Admin User (admin@gmail.com)
2026-06-23 10:00:40:040 [HTTP]: GET /api/user/notifications | Status: 304 | Size: - B | Time: 260.796 ms | User: Admin User (admin@gmail.com)
2026-06-23 10:00:40:040 [HTTP]: GET /api/tasks | Status: 304 | Size: - B | Time: 240.049 ms | User: Admin User (admin@gmail.com)
2026-06-23 10:00:40:040 [HTTP]: GET /api/user/me | Status: 200 | Size: 375 B | Time: 511.589 ms | User: Admin User (admin@gmail.com)
2026-06-23 10:00:40:040 [HTTP]: GET /api/tasks | Status: 304 | Size: - B | Time: 243.189 ms | User: Admin User (admin@gmail.com)
2026-06-23 10:00:41:041 [HTTP]: GET /api/user/me | Status: 304 | Size: - B | Time: 516.593 ms | User: Admin User (admin@gmail.com)
2026-06-23 10:00:41:041 [HTTP]: GET /api/chat/contacts | Status: 304 | Size: - B | Time: 1271.432 ms | User: Admin User (admin@gmail.com)
2026-06-23 10:00:42:042 [HTTP]: GET /api/chat/contacts | Status: 304 | Size: - B | Time: 1274.418 ms | User: Admin User (admin@gmail.com)
2026-06-23 10:00:44:044 [HTTP]: GET /api/chat/contacts | Status: 304 | Size: - B | Time: 1302.687 ms | User: Admin User (admin@gmail.com)
2026-06-23 10:00:45:045 [HTTP]: GET /api/chat/contacts | Status: 304 | Size: - B | Time: 1267.637 ms | User: Admin User (admin@gmail.com)
2026-06-23 10:00:46:046 [HTTP]: GET /api/chat/messages/7b600a4b-5a06-49d1-b2a2-c8749c9f5313 | Status: 304 | Size: - B | Time: 515.699 ms | User: Admin User (admin@gmail.com)
2026-06-23 10:00:46:046 [HTTP]: GET /api/chat/contacts | Status: 304 | Size: - B | Time: 1291.199 ms | User: Admin User (admin@gmail.com)
2026-06-23 10:00:48:048 [HTTP]: GET /api/chat/contacts | Status: 304 | Size: - B | Time: 1268.851 ms | User: Admin User (admin@gmail.com)
2026-06-23 10:00:50:050 [HTTP]: POST /api/chat/messages | Status: 403 | Size: 64 B | Time: 515.540 ms | User: Admin User (admin@gmail.com)
2026-06-23 10:01:04:14 [HTTP]: GET /api/user/me | Status: 401 | Size: 32 B | Time: 3.017 ms | User: anonymous (anonymous)
2026-06-23 10:01:04:14 [HTTP]: GET /api/user/me | Status: 401 | Size: 32 B | Time: 2.391 ms | User: anonymous (anonymous)
2026-06-23 10:01:04:14 [HTTP]: GET /api/tasks | Status: 401 | Size: 32 B | Time: 1.858 ms | User: anonymous (anonymous)
2026-06-23 10:01:04:14 [HTTP]: GET /api/chat/contacts | Status: 401 | Size: 32 B | Time: 2.556 ms | User: anonymous (anonymous)
2026-06-23 10:01:04:14 [HTTP]: GET /api/user/notifications | Status: 401 | Size: 32 B | Time: 3.195 ms | User: anonymous (anonymous)
2026-06-23 10:01:04:14 [HTTP]: GET /api/tasks | Status: 401 | Size: 32 B | Time: 2.160 ms | User: anonymous (anonymous)
2026-06-23 10:01:11:111 [HTTP]: POST /api/login | Status: 200 | Size: 124 B | Time: 6351.769 ms | User: anonymous (anonymous)
2026-06-23 10:01:30:130 [HTTP]: POST /api/verify-otp | Status: 200 | Size: 1077 B | Time: 3135.707 ms | User: anonymous (anonymous)
2026-06-23 10:01:31:131 [HTTP]: GET /api/user/notifications | Status: 304 | Size: - B | Time: 517.722 ms | User: irine thomas (irine@gmail.com)
2026-06-23 10:01:31:131 [HTTP]: GET /api/tasks | Status: 304 | Size: - B | Time: 770.948 ms | User: irine thomas (irine@gmail.com)
2026-06-23 10:01:32:132 [HTTP]: GET /api/tasks | Status: 304 | Size: - B | Time: 516.194 ms | User: irine thomas (irine@gmail.com)
2026-06-23 10:01:32:132 [HTTP]: GET /api/chat/contacts | Status: 200 | Size: 532 B | Time: 1833.776 ms | User: irine thomas (irine@gmail.com)
2026-06-23 10:01:35:135 [HTTP]: GET /api/chat/contacts | Status: 304 | Size: - B | Time: 1018.713 ms | User: irine thomas (irine@gmail.com)
2026-06-23 10:01:36:136 [HTTP]: GET /api/chat/contacts | Status: 304 | Size: - B | Time: 1021.609 ms | User: irine thomas (irine@gmail.com)
2026-06-23 10:01:38:138 [HTTP]: GET /api/chat/messages/e3dcfcca-00cb-49ed-9e20-34c6eb4f5ed0 | Status: 304 | Size: - B | Time: 513.086 ms | User: irine thomas (irine@gmail.com)
2026-06-23 10:01:39:139 [HTTP]: GET /api/chat/contacts | Status: 304 | Size: - B | Time: 1018.907 ms | User: irine thomas (irine@gmail.com)
2026-06-23 10:02:03:23 [HTTP]: POST /api/chat/messages | Status: 403 | Size: 64 B | Time: 2635.354 ms | User: irine thomas (irine@gmail.com)
2026-06-23 10:02:27:227 [INFO]: Connected to PostgreSQL
