2026-06-22 09:35:19:3519 [ERROR]: PostgreSQL connection error: connect ECONNREFUSED 127.0.0.1:5432
SequelizeConnectionRefusedError: connect ECONNREFUSED 127.0.0.1:5432
    at Client._connectionCallback (C:\Users\soalw\OneDrive\Desktop\inciem tasks\backend\node_modules\sequelize\lib\dialects\postgres\connection-manager.js:133:24)
    at Client._handleErrorWhileConnecting (C:\Users\soalw\OneDrive\Desktop\inciem tasks\backend\node_modules\pg\lib\client.js:403:19)
    at Client._handleErrorEvent (C:\Users\soalw\OneDrive\Desktop\inciem tasks\backend\node_modules\pg\lib\client.js:413:19)
    at Connection.emit (node:events:518:28)
    at Socket.reportStreamError (C:\Users\soalw\OneDrive\Desktop\inciem tasks\backend\node_modules\pg\lib\connection.js:58:12)
    at Socket.emit (node:events:518:28)
    at emitErrorNT (node:internal/streams/destroy:170:8)
    at emitErrorCloseNT (node:internal/streams/destroy:129:3)
    at process.processTicksAndRejections (node:internal/process/task_queues:90:21)
2026-06-22 10:22:19:2219 [ERROR]: PostgreSQL connection error: password authentication failed for user "postgres"
SequelizeConnectionError: password authentication failed for user "postgres"
    at Client._connectionCallback (C:\Users\soalw\OneDrive\Desktop\inciem tasks\backend\node_modules\sequelize\lib\dialects\postgres\connection-manager.js:145:24)
    at Client._handleErrorWhileConnecting (C:\Users\soalw\OneDrive\Desktop\inciem tasks\backend\node_modules\pg\lib\client.js:403:19)
    at Client._handleErrorMessage (C:\Users\soalw\OneDrive\Desktop\inciem tasks\backend\node_modules\pg\lib\client.js:423:19)
    at Connection.emit (node:events:518:28)
    at C:\Users\soalw\OneDrive\Desktop\inciem tasks\backend\node_modules\pg\lib\connection.js:136:12
    at Parser.parse (C:\Users\soalw\OneDrive\Desktop\inciem tasks\backend\node_modules\pg-protocol\dist\parser.js:38:17)
    at Socket.<anonymous> (C:\Users\soalw\OneDrive\Desktop\inciem tasks\backend\node_modules\pg-protocol\dist\index.js:12:42)
    at Socket.emit (node:events:518:28)
    at addChunk (node:internal/streams/readable:561:12)
    at readableAddChunkPushByteMode (node:internal/streams/readable:512:3)
2026-06-22 10:22:51:2251 [ERROR]: PostgreSQL connection error: database "employee_db" does not exist
SequelizeConnectionError: database "employee_db" does not exist
    at Client._connectionCallback (C:\Users\soalw\OneDrive\Desktop\inciem tasks\backend\node_modules\sequelize\lib\dialects\postgres\connection-manager.js:145:24)
    at Client._handleErrorWhileConnecting (C:\Users\soalw\OneDrive\Desktop\inciem tasks\backend\node_modules\pg\lib\client.js:403:19)
    at Client._handleErrorMessage (C:\Users\soalw\OneDrive\Desktop\inciem tasks\backend\node_modules\pg\lib\client.js:423:19)
    at Connection.emit (node:events:518:28)
    at C:\Users\soalw\OneDrive\Desktop\inciem tasks\backend\node_modules\pg\lib\connection.js:136:12
    at Parser.parse (C:\Users\soalw\OneDrive\Desktop\inciem tasks\backend\node_modules\pg-protocol\dist\parser.js:38:17)
    at Socket.<anonymous> (C:\Users\soalw\OneDrive\Desktop\inciem tasks\backend\node_modules\pg-protocol\dist\index.js:12:42)
    at Socket.emit (node:events:518:28)
    at addChunk (node:internal/streams/readable:561:12)
    at readableAddChunkPushByteMode (node:internal/streams/readable:512:3)
2026-06-22 10:23:18:2318 [ERROR]: PostgreSQL connection error: database "Task%20Manger" does not exist
SequelizeConnectionError: database "Task%20Manger" does not exist
    at Client._connectionCallback (C:\Users\soalw\OneDrive\Desktop\inciem tasks\backend\node_modules\sequelize\lib\dialects\postgres\connection-manager.js:145:24)
    at Client._handleErrorWhileConnecting (C:\Users\soalw\OneDrive\Desktop\inciem tasks\backend\node_modules\pg\lib\client.js:403:19)
    at Client._handleErrorMessage (C:\Users\soalw\OneDrive\Desktop\inciem tasks\backend\node_modules\pg\lib\client.js:423:19)
    at Connection.emit (node:events:518:28)
    at C:\Users\soalw\OneDrive\Desktop\inciem tasks\backend\node_modules\pg\lib\connection.js:136:12
    at Parser.parse (C:\Users\soalw\OneDrive\Desktop\inciem tasks\backend\node_modules\pg-protocol\dist\parser.js:38:17)
    at Socket.<anonymous> (C:\Users\soalw\OneDrive\Desktop\inciem tasks\backend\node_modules\pg-protocol\dist\index.js:12:42)
    at Socket.emit (node:events:518:28)
    at addChunk (node:internal/streams/readable:561:12)
    at readableAddChunkPushByteMode (node:internal/streams/readable:512:3)
2026-06-22 10:26:35:2635 [ERROR]: PostgreSQL connection error: database "task_manger" does not exist
SequelizeConnectionError: database "task_manger" does not exist
    at Client._connectionCallback (C:\Users\soalw\OneDrive\Desktop\inciem tasks\backend\node_modules\sequelize\lib\dialects\postgres\connection-manager.js:145:24)
    at Client._handleErrorWhileConnecting (C:\Users\soalw\OneDrive\Desktop\inciem tasks\backend\node_modules\pg\lib\client.js:403:19)
    at Client._handleErrorMessage (C:\Users\soalw\OneDrive\Desktop\inciem tasks\backend\node_modules\pg\lib\client.js:423:19)
    at Connection.emit (node:events:518:28)
    at C:\Users\soalw\OneDrive\Desktop\inciem tasks\backend\node_modules\pg\lib\connection.js:136:12
    at Parser.parse (C:\Users\soalw\OneDrive\Desktop\inciem tasks\backend\node_modules\pg-protocol\dist\parser.js:38:17)
    at Socket.<anonymous> (C:\Users\soalw\OneDrive\Desktop\inciem tasks\backend\node_modules\pg-protocol\dist\index.js:12:42)
    at Socket.emit (node:events:518:28)
    at addChunk (node:internal/streams/readable:561:12)
    at readableAddChunkPushByteMode (node:internal/streams/readable:512:3)
2026-06-22 10:29:49:2949 [INFO]: Connected to PostgreSQL
2026-06-22 10:29:49:2949 [INFO]: All models synced with PostgreSQL
2026-06-22 10:29:49:2949 [INFO]: Server is running on port 5000
2026-06-22 10:29:49:2949 [INFO]: [Redis] Connected successfully
2026-06-22 10:29:49:2949 [INFO]: [Redis] Client is ready to accept commands
2026-06-22 10:30:14:3014 [HTTP]: POST /api/login | Status: 400 | Size: 39 B | Time: 367.546 ms | User: anonymous (anonymous)
2026-06-22 10:30:17:3017 [HTTP]: GET /api/designations | Status: 200 | Size: 2 B | Time: 8.891 ms | User: anonymous (anonymous)
2026-06-22 10:30:17:3017 [HTTP]: GET /api/designations | Status: 304 | Size: - B | Time: 2.249 ms | User: anonymous (anonymous)
2026-06-22 10:30:49:3049 [HTTP]: POST /api/register | Status: 201 | Size: 89 B | Time: 192.831 ms | User: anonymous (anonymous)
2026-06-22 10:31:02:312 [HTTP]: POST /api/login | Status: 200 | Size: 132 B | Time: 3887.139 ms | User: anonymous (anonymous)
2026-06-22 10:31:36:3136 [HTTP]: POST /api/verify-otp | Status: 200 | Size: 1091 B | Time: 72.031 ms | User: anonymous (anonymous)
2026-06-22 10:31:36:3136 [HTTP]: GET /api/user/notifications | Status: 200 | Size: 2 B | Time: 13.878 ms | User: soalwin thomas (soalwinthomas@gmail.com)
2026-06-22 10:31:36:3136 [HTTP]: GET /api/tasks | Status: 200 | Size: 2 B | Time: 15.325 ms | User: soalwin thomas (soalwinthomas@gmail.com)
2026-06-22 10:31:36:3136 [HTTP]: GET /api/tasks | Status: 304 | Size: - B | Time: 4.386 ms | User: soalwin thomas (soalwinthomas@gmail.com)
2026-06-22 10:31:55:3155 [HTTP]: POST /api/user/profile-picture | Status: 200 | Size: 500 B | Time: 112.612 ms | User: soalwin thomas (soalwinthomas@gmail.com)
2026-06-22 10:31:55:3155 [HTTP]: GET /api/uploads/profilePicture-1782104515392-179802896.png | Status: 200 | Size: 2341606 B | Time: 5.594 ms | User: anonymous (anonymous)
2026-06-22 11:25:47:2547 [INFO]: Connected to PostgreSQL
2026-06-22 11:25:47:2547 [INFO]: All models synced with PostgreSQL
2026-06-22 11:25:47:2547 [INFO]: Server is running on port 5000
2026-06-22 11:25:47:2547 [INFO]: [Redis] Connected successfully
2026-06-22 11:25:48:2548 [INFO]: [Redis] Client is ready to accept commands
2026-06-22 11:25:55:2555 [INFO]: Connected to PostgreSQL
2026-06-22 11:25:55:2555 [INFO]: All models synced with PostgreSQL
2026-06-22 11:25:55:2555 [INFO]: Server is running on port 5000
2026-06-22 11:25:55:2555 [INFO]: [Redis] Connected successfully
2026-06-22 11:25:55:2555 [INFO]: [Redis] Client is ready to accept commands
2026-06-22 11:26:43:2643 [INFO]: Connected to PostgreSQL
2026-06-22 11:26:43:2643 [INFO]: All models synced with PostgreSQL
2026-06-22 11:26:43:2643 [INFO]: Server is running on port 5000
2026-06-22 11:26:43:2643 [INFO]: [Redis] Connected successfully
2026-06-22 11:26:43:2643 [INFO]: [Redis] Client is ready to accept commands
2026-06-22 11:26:55:2655 [INFO]: Connected to PostgreSQL
2026-06-22 11:26:55:2655 [INFO]: All models synced with PostgreSQL
2026-06-22 11:26:55:2655 [INFO]: Server is running on port 5000
2026-06-22 11:26:55:2655 [INFO]: [Redis] Connected successfully
2026-06-22 11:26:55:2655 [INFO]: [Redis] Client is ready to accept commands
2026-06-22 11:27:27:2727 [INFO]: Connected to PostgreSQL
2026-06-22 11:27:28:2728 [INFO]: All models synced with PostgreSQL
2026-06-22 11:27:28:2728 [INFO]: Server is running on port 5000
2026-06-22 11:27:28:2728 [INFO]: [Redis] Connected successfully
2026-06-22 11:27:28:2728 [INFO]: [Redis] Client is ready to accept commands
2026-06-22 11:27:58:2758 [HTTP]: GET /api/chat/contacts | Status: 200 | Size: 2 B | Time: 62.302 ms | User: soalwin thomas (soalwinthomas@gmail.com)
2026-06-22 11:27:58:2758 [HTTP]: GET /api/chat/contacts | Status: 304 | Size: - B | Time: 4.020 ms | User: soalwin thomas (soalwinthomas@gmail.com)
2026-06-22 11:28:44:2844 [HTTP]: GET /api/uploads/profilePicture-1782104515392-179802896.png | Status: 304 | Size: - B | Time: 4.815 ms | User: anonymous (anonymous)
2026-06-22 11:28:44:2844 [HTTP]: GET /api/tasks | Status: 304 | Size: - B | Time: 161.720 ms | User: soalwin thomas (soalwinthomas@gmail.com)
2026-06-22 11:28:44:2844 [HTTP]: GET /api/chat/contacts | Status: 304 | Size: - B | Time: 158.121 ms | User: soalwin thomas (soalwinthomas@gmail.com)
2026-06-22 11:28:44:2844 [HTTP]: GET /api/user/notifications | Status: 304 | Size: - B | Time: 150.692 ms | User: soalwin thomas (soalwinthomas@gmail.com)
2026-06-22 11:28:44:2844 [HTTP]: GET /api/user/me | Status: 200 | Size: 442 B | Time: 239.335 ms | User: soalwin thomas (soalwinthomas@gmail.com)
2026-06-22 11:28:44:2844 [HTTP]: GET /api/chat/contacts | Status: 304 | Size: - B | Time: 12.211 ms | User: soalwin thomas (soalwinthomas@gmail.com)
2026-06-22 11:28:44:2844 [HTTP]: GET /api/tasks | Status: 304 | Size: - B | Time: 20.000 ms | User: soalwin thomas (soalwinthomas@gmail.com)
2026-06-22 11:28:44:2844 [HTTP]: GET /api/tasks | Status: 304 | Size: - B | Time: 5.235 ms | User: soalwin thomas (soalwinthomas@gmail.com)
2026-06-22 11:28:44:2844 [HTTP]: GET /api/user/me | Status: 304 | Size: - B | Time: 25.153 ms | User: soalwin thomas (soalwinthomas@gmail.com)
2026-06-22 11:28:44:2844 [HTTP]: GET /api/tasks | Status: 304 | Size: - B | Time: 9.422 ms | User: soalwin thomas (soalwinthomas@gmail.com)
2026-06-22 11:28:44:2844 [HTTP]: GET /api/chat/contacts | Status: 304 | Size: - B | Time: 5.551 ms | User: soalwin thomas (soalwinthomas@gmail.com)
2026-06-22 11:28:44:2844 [HTTP]: GET /api/chat/contacts | Status: 304 | Size: - B | Time: 14.004 ms | User: soalwin thomas (soalwinthomas@gmail.com)
2026-06-22 11:28:46:2846 [HTTP]: GET /api/chat/contacts | Status: 304 | Size: - B | Time: 3.727 ms | User: soalwin thomas (soalwinthomas@gmail.com)
2026-06-22 11:28:53:2853 [HTTP]: GET /api/chat/contacts | Status: 304 | Size: - B | Time: 4.618 ms | User: soalwin thomas (soalwinthomas@gmail.com)
2026-06-22 11:28:57:2857 [HTTP]: GET /api/designations | Status: 304 | Size: - B | Time: 10.104 ms | User: anonymous (anonymous)
2026-06-22 11:28:57:2857 [HTTP]: GET /api/designations | Status: 304 | Size: - B | Time: 1.666 ms | User: anonymous (anonymous)
2026-06-22 11:29:32:2932 [HTTP]: POST /api/register | Status: 201 | Size: 89 B | Time: 216.704 ms | User: anonymous (anonymous)
2026-06-22 11:29:50:2950 [HTTP]: POST /api/login | Status: 200 | Size: 123 B | Time: 3458.280 ms | User: anonymous (anonymous)
2026-06-22 11:32:32:3232 [HTTP]: POST /api/verify-otp | Status: 200 | Size: 1065 B | Time: 80.157 ms | User: anonymous (anonymous)
2026-06-22 11:32:32:3232 [HTTP]: GET /api/user/notifications | Status: 304 | Size: - B | Time: 18.042 ms | User: raju abraham (raju@gmail.com)
2026-06-22 11:32:32:3232 [HTTP]: GET /api/tasks | Status: 304 | Size: - B | Time: 58.923 ms | User: raju abraham (raju@gmail.com)
2026-06-22 11:32:32:3232 [HTTP]: GET /api/chat/contacts | Status: 200 | Size: 242 B | Time: 76.657 ms | User: raju abraham (raju@gmail.com)
2026-06-22 11:32:32:3232 [HTTP]: GET /api/tasks | Status: 304 | Size: - B | Time: 13.895 ms | User: raju abraham (raju@gmail.com)
2026-06-22 11:32:32:3232 [HTTP]: GET /api/chat/contacts | Status: 304 | Size: - B | Time: 16.288 ms | User: raju abraham (raju@gmail.com)
2026-06-22 11:32:37:3237 [HTTP]: GET /api/uploads/profilePicture-1782104515392-179802896.png | Status: 304 | Size: - B | Time: 1.441 ms | User: anonymous (anonymous)
2026-06-22 11:32:37:3237 [HTTP]: GET /api/chat/contacts | Status: 304 | Size: - B | Time: 15.404 ms | User: raju abraham (raju@gmail.com)
2026-06-22 11:32:39:3239 [HTTP]: GET /api/chat/messages/7818cfcd-7a67-4539-8041-2d7ee8f47bbe | Status: 200 | Size: 2 B | Time: 8.486 ms | User: raju abraham (raju@gmail.com)
2026-06-22 11:32:39:3239 [HTTP]: GET /api/chat/contacts | Status: 304 | Size: - B | Time: 4.548 ms | User: raju abraham (raju@gmail.com)
2026-06-22 11:32:43:3243 [HTTP]: POST /api/chat/messages | Status: 201 | Size: 253 B | Time: 19.695 ms | User: raju abraham (raju@gmail.com)
2026-06-22 11:32:56:3256 [HTTP]: GET /api/user/me | Status: 401 | Size: 32 B | Time: 2.553 ms | User: anonymous (anonymous)
2026-06-22 11:32:56:3256 [HTTP]: GET /api/user/me | Status: 401 | Size: 32 B | Time: 2.571 ms | User: anonymous (anonymous)
2026-06-22 11:32:56:3256 [HTTP]: GET /api/uploads/profilePicture-1781062850259-160707504.png | Status: 200 | Size: 2341606 B | Time: 14.508 ms | User: anonymous (anonymous)
2026-06-22 11:32:56:3256 [HTTP]: GET /api/tasks | Status: 401 | Size: 32 B | Time: 2.775 ms | User: anonymous (anonymous)
2026-06-22 11:32:56:3256 [HTTP]: GET /api/chat/contacts | Status: 401 | Size: 32 B | Time: 2.330 ms | User: anonymous (anonymous)
2026-06-22 11:32:56:3256 [HTTP]: GET /api/user/notifications | Status: 401 | Size: 32 B | Time: 2.892 ms | User: anonymous (anonymous)
2026-06-22 11:32:56:3256 [HTTP]: GET /api/tasks | Status: 401 | Size: 32 B | Time: 2.419 ms | User: anonymous (anonymous)
2026-06-22 11:32:56:3256 [HTTP]: GET /api/chat/contacts | Status: 401 | Size: 32 B | Time: 2.523 ms | User: anonymous (anonymous)
2026-06-22 11:33:05:335 [HTTP]: POST /api/login | Status: 200 | Size: 132 B | Time: 3016.666 ms | User: anonymous (anonymous)
2026-06-22 11:33:36:3336 [HTTP]: POST /api/verify-otp | Status: 200 | Size: 1219 B | Time: 59.361 ms | User: anonymous (anonymous)
2026-06-22 11:33:36:3336 [HTTP]: GET /api/uploads/profilePicture-1782104515392-179802896.png | Status: 200 | Size: 2341606 B | Time: 2.446 ms | User: anonymous (anonymous)
2026-06-22 11:33:36:3336 [HTTP]: GET /api/user/notifications | Status: 200 | Size: 2 B | Time: 14.662 ms | User: soalwin thomas (soalwinthomas@gmail.com)
2026-06-22 11:33:36:3336 [HTTP]: GET /api/tasks | Status: 200 | Size: 2 B | Time: 18.417 ms | User: soalwin thomas (soalwinthomas@gmail.com)
2026-06-22 11:33:36:3336 [HTTP]: GET /api/chat/contacts | Status: 200 | Size: 176 B | Time: 43.257 ms | User: soalwin thomas (soalwinthomas@gmail.com)
2026-06-22 11:33:37:3337 [HTTP]: GET /api/tasks | Status: 304 | Size: - B | Time: 7.222 ms | User: soalwin thomas (soalwinthomas@gmail.com)
2026-06-22 11:33:37:3337 [HTTP]: GET /api/chat/contacts | Status: 304 | Size: - B | Time: 9.881 ms | User: soalwin thomas (soalwinthomas@gmail.com)
2026-06-22 11:33:39:3339 [HTTP]: GET /api/chat/contacts | Status: 304 | Size: - B | Time: 12.759 ms | User: soalwin thomas (soalwinthomas@gmail.com)
2026-06-22 11:33:52:3352 [HTTP]: GET /api/designations | Status: 200 | Size: 2 B | Time: 49.237 ms | User: anonymous (anonymous)
2026-06-22 11:33:52:3352 [HTTP]: GET /api/designations | Status: 304 | Size: - B | Time: 1.363 ms | User: anonymous (anonymous)
2026-06-22 11:34:27:3427 [HTTP]: POST /api/register | Status: 201 | Size: 89 B | Time: 186.610 ms | User: anonymous (anonymous)
2026-06-22 11:34:41:3441 [HTTP]: POST /api/login | Status: 200 | Size: 130 B | Time: 2933.828 ms | User: anonymous (anonymous)
2026-06-22 11:35:40:3540 [HTTP]: POST /api/verify-otp | Status: 200 | Size: 1091 B | Time: 65.569 ms | User: anonymous (anonymous)
2026-06-22 11:35:40:3540 [HTTP]: GET /api/chat/contacts | Status: 200 | Size: 2 B | Time: 13.426 ms | User: mercy onattu (mercyonattu@gmail.com)
2026-06-22 11:35:40:3540 [HTTP]: GET /api/user/notifications | Status: 304 | Size: - B | Time: 37.980 ms | User: mercy onattu (mercyonattu@gmail.com)
2026-06-22 11:35:40:3540 [HTTP]: GET /api/tasks | Status: 304 | Size: - B | Time: 37.921 ms | User: mercy onattu (mercyonattu@gmail.com)
2026-06-22 11:35:40:3540 [HTTP]: GET /api/chat/contacts | Status: 304 | Size: - B | Time: 9.846 ms | User: mercy onattu (mercyonattu@gmail.com)
2026-06-22 11:35:40:3540 [HTTP]: GET /api/tasks | Status: 304 | Size: - B | Time: 9.836 ms | User: mercy onattu (mercyonattu@gmail.com)
2026-06-22 11:35:46:3546 [HTTP]: GET /api/user/me | Status: 200 | Size: 376 B | Time: 18.749 ms | User: raju abraham (raju@gmail.com)
2026-06-22 11:35:46:3546 [HTTP]: GET /api/user/me | Status: 304 | Size: - B | Time: 6.878 ms | User: raju abraham (raju@gmail.com)
2026-06-22 11:35:46:3546 [HTTP]: GET /api/tasks | Status: 304 | Size: - B | Time: 8.949 ms | User: raju abraham (raju@gmail.com)
2026-06-22 11:35:46:3546 [HTTP]: GET /api/user/notifications | Status: 304 | Size: - B | Time: 9.998 ms | User: raju abraham (raju@gmail.com)
2026-06-22 11:35:46:3546 [HTTP]: GET /api/tasks | Status: 304 | Size: - B | Time: 9.083 ms | User: raju abraham (raju@gmail.com)
2026-06-22 11:35:46:3546 [HTTP]: GET /api/chat/contacts | Status: 304 | Size: - B | Time: 27.017 ms | User: raju abraham (raju@gmail.com)
2026-06-22 11:35:46:3546 [HTTP]: GET /api/chat/contacts | Status: 304 | Size: - B | Time: 8.563 ms | User: raju abraham (raju@gmail.com)
2026-06-22 11:35:46:3546 [HTTP]: GET /api/chat/contacts | Status: 304 | Size: - B | Time: 9.457 ms | User: raju abraham (raju@gmail.com)
2026-06-22 11:35:46:3546 [HTTP]: GET /api/tasks | Status: 304 | Size: - B | Time: 6.309 ms | User: raju abraham (raju@gmail.com)
2026-06-22 11:35:46:3546 [HTTP]: GET /api/tasks | Status: 304 | Size: - B | Time: 5.126 ms | User: raju abraham (raju@gmail.com)
2026-06-22 11:35:47:3547 [HTTP]: GET /api/uploads/profilePicture-1782104515392-179802896.png | Status: 304 | Size: - B | Time: 0.670 ms | User: anonymous (anonymous)
2026-06-22 11:35:47:3547 [HTTP]: GET /api/chat/contacts | Status: 304 | Size: - B | Time: 13.166 ms | User: raju abraham (raju@gmail.com)
2026-06-22 11:35:59:3559 [HTTP]: GET /api/chat/contacts | Status: 304 | Size: - B | Time: 55.629 ms | User: mercy onattu (mercyonattu@gmail.com)
2026-06-22 11:36:02:362 [HTTP]: GET /api/chat/contacts | Status: 304 | Size: - B | Time: 3.605 ms | User: mercy onattu (mercyonattu@gmail.com)
2026-06-22 11:36:24:3624 [HTTP]: GET /api/chat/contacts | Status: 304 | Size: - B | Time: 51.787 ms | User: mercy onattu (mercyonattu@gmail.com)
2026-06-22 11:36:27:3627 [HTTP]: GET /api/chat/contacts | Status: 304 | Size: - B | Time: 3.661 ms | User: mercy onattu (mercyonattu@gmail.com)
2026-06-22 11:36:31:3631 [HTTP]: GET /api/chat/contacts | Status: 304 | Size: - B | Time: 10.096 ms | User: raju abraham (raju@gmail.com)
2026-06-22 11:36:33:3633 [HTTP]: GET /api/designations | Status: 304 | Size: - B | Time: 6.190 ms | User: anonymous (anonymous)
2026-06-22 11:36:33:3633 [HTTP]: GET /api/designations | Status: 304 | Size: - B | Time: 2.143 ms | User: anonymous (anonymous)
2026-06-22 11:37:08:378 [HTTP]: POST /api/register | Status: 201 | Size: 89 B | Time: 172.124 ms | User: anonymous (anonymous)
2026-06-22 11:37:42:3742 [HTTP]: POST /api/login | Status: 200 | Size: 124 B | Time: 2938.011 ms | User: anonymous (anonymous)
2026-06-22 11:38:05:385 [HTTP]: POST /api/verify-otp | Status: 200 | Size: 1081 B | Time: 58.783 ms | User: anonymous (anonymous)
2026-06-22 11:38:05:385 [HTTP]: GET /api/chat/contacts | Status: 200 | Size: 184 B | Time: 18.880 ms | User: aflah cholayil (aflah@gmail.com)
2026-06-22 11:38:05:385 [HTTP]: GET /api/user/notifications | Status: 304 | Size: - B | Time: 32.132 ms | User: aflah cholayil (aflah@gmail.com)
2026-06-22 11:38:05:385 [HTTP]: GET /api/tasks | Status: 304 | Size: - B | Time: 40.151 ms | User: aflah cholayil (aflah@gmail.com)
2026-06-22 11:38:05:385 [HTTP]: GET /api/tasks | Status: 304 | Size: - B | Time: 9.089 ms | User: aflah cholayil (aflah@gmail.com)
2026-06-22 11:38:05:385 [HTTP]: GET /api/chat/contacts | Status: 304 | Size: - B | Time: 21.723 ms | User: aflah cholayil (aflah@gmail.com)
2026-06-22 11:38:07:387 [HTTP]: GET /api/chat/contacts | Status: 304 | Size: - B | Time: 16.270 ms | User: aflah cholayil (aflah@gmail.com)
2026-06-22 11:38:09:389 [HTTP]: GET /api/chat/messages/78d0340d-8c12-44cd-9211-312f6f07dd97 | Status: 200 | Size: 2 B | Time: 6.537 ms | User: aflah cholayil (aflah@gmail.com)
2026-06-22 11:38:09:389 [HTTP]: GET /api/chat/contacts | Status: 304 | Size: - B | Time: 3.680 ms | User: aflah cholayil (aflah@gmail.com)
2026-06-22 11:38:13:3813 [HTTP]: POST /api/chat/messages | Status: 201 | Size: 260 B | Time: 13.292 ms | User: aflah cholayil (aflah@gmail.com)
2026-06-22 11:38:22:3822 [HTTP]: GET /api/chat/contacts | Status: 200 | Size: 180 B | Time: 4.682 ms | User: mercy onattu (mercyonattu@gmail.com)
2026-06-22 11:38:23:3823 [HTTP]: GET /api/chat/messages/9f4a6e5b-e271-4d15-8e0e-03f91dd075e5 | Status: 200 | Size: 262 B | Time: 5.445 ms | User: mercy onattu (mercyonattu@gmail.com)
2026-06-22 11:38:23:3823 [HTTP]: GET /api/chat/contacts | Status: 200 | Size: 180 B | Time: 4.248 ms | User: mercy onattu (mercyonattu@gmail.com)
2026-06-22 11:38:29:3829 [HTTP]: POST /api/chat/messages | Status: 201 | Size: 264 B | Time: 7.386 ms | User: mercy onattu (mercyonattu@gmail.com)
2026-06-22 11:38:29:3829 [HTTP]: PUT /api/chat/messages/78d0340d-8c12-44cd-9211-312f6f07dd97/read | Status: 200 | Size: 37 B | Time: 5.089 ms | User: aflah cholayil (aflah@gmail.com)
2026-06-22 11:38:33:3833 [HTTP]: GET /api/chat/contacts | Status: 304 | Size: - B | Time: 3.788 ms | User: aflah cholayil (aflah@gmail.com)
2026-06-22 11:42:46:4246 [HTTP]: GET /api/chat/contacts | Status: 304 | Size: - B | Time: 106.333 ms | User: aflah cholayil (aflah@gmail.com)
2026-06-22 11:49:20:4920 [HTTP]: GET /api/chat/contacts | Status: 304 | Size: - B | Time: 74.208 ms | User: aflah cholayil (aflah@gmail.com)
2026-06-22 11:52:50:5250 [HTTP]: GET /api/chat/contacts | Status: 304 | Size: - B | Time: 77.032 ms | User: aflah cholayil (aflah@gmail.com)
2026-06-22 11:52:52:5252 [HTTP]: GET /api/chat/contacts | Status: 304 | Size: - B | Time: 4.722 ms | User: aflah cholayil (aflah@gmail.com)
2026-06-22 11:52:56:5256 [HTTP]: POST /api/chat/messages | Status: 201 | Size: 269 B | Time: 29.792 ms | User: mercy onattu (mercyonattu@gmail.com)
2026-06-22 11:52:56:5256 [HTTP]: PUT /api/chat/messages/78d0340d-8c12-44cd-9211-312f6f07dd97/read | Status: 200 | Size: 37 B | Time: 8.864 ms | User: aflah cholayil (aflah@gmail.com)
2026-06-22 11:52:59:5259 [HTTP]: GET /api/chat/contacts | Status: 304 | Size: - B | Time: 5.363 ms | User: aflah cholayil (aflah@gmail.com)
2026-06-22 11:53:05:535 [HTTP]: GET /api/chat/contacts | Status: 304 | Size: - B | Time: 5.064 ms | User: aflah cholayil (aflah@gmail.com)
2026-06-22 12:11:20:1120 [HTTP]: GET /api/chat/contacts | Status: 304 | Size: - B | Time: 92.715 ms | User: mercy onattu (mercyonattu@gmail.com)
2026-06-22 12:11:33:1133 [HTTP]: GET /api/chat/contacts | Status: 304 | Size: - B | Time: 56.394 ms | User: mercy onattu (mercyonattu@gmail.com)
2026-06-22 12:11:36:1136 [HTTP]: GET /api/designations | Status: 304 | Size: - B | Time: 7.155 ms | User: anonymous (anonymous)
2026-06-22 12:11:36:1136 [HTTP]: GET /api/designations | Status: 304 | Size: - B | Time: 1.737 ms | User: anonymous (anonymous)
2026-06-22 12:12:40:1240 [HTTP]: POST /api/register | Status: 201 | Size: 89 B | Time: 201.303 ms | User: anonymous (anonymous)
2026-06-22 12:12:51:1251 [HTTP]: POST /api/login | Status: 200 | Size: 123 B | Time: 3612.811 ms | User: anonymous (anonymous)
2026-06-22 12:13:04:134 [HTTP]: POST /api/verify-otp | Status: 400 | Size: 36 B | Time: 57.470 ms | User: anonymous (anonymous)
2026-06-22 12:13:47:1347 [HTTP]: POST /api/verify-otp | Status: 200 | Size: 1046 B | Time: 165.835 ms | User: anonymous (anonymous)
2026-06-22 12:13:47:1347 [HTTP]: GET /api/user/notifications | Status: 304 | Size: - B | Time: 16.137 ms | User: anil (anil@gmail.com)
2026-06-22 12:13:47:1347 [HTTP]: GET /api/tasks | Status: 304 | Size: - B | Time: 41.730 ms | User: anil (anil@gmail.com)
2026-06-22 12:13:47:1347 [HTTP]: GET /api/chat/contacts | Status: 200 | Size: 363 B | Time: 72.584 ms | User: anil (anil@gmail.com)
2026-06-22 12:13:47:1347 [HTTP]: GET /api/tasks | Status: 304 | Size: - B | Time: 9.773 ms | User: anil (anil@gmail.com)
2026-06-22 12:13:47:1347 [HTTP]: GET /api/chat/contacts | Status: 304 | Size: - B | Time: 48.854 ms | User: anil (anil@gmail.com)
2026-06-22 12:13:49:1349 [HTTP]: GET /api/chat/contacts | Status: 304 | Size: - B | Time: 16.447 ms | User: anil (anil@gmail.com)
2026-06-22 12:13:52:1352 [HTTP]: GET /api/chat/messages/9f4a6e5b-e271-4d15-8e0e-03f91dd075e5 | Status: 200 | Size: 2 B | Time: 7.123 ms | User: anil (anil@gmail.com)
2026-06-22 12:13:52:1352 [HTTP]: GET /api/chat/contacts | Status: 304 | Size: - B | Time: 5.611 ms | User: anil (anil@gmail.com)
2026-06-22 12:13:54:1354 [HTTP]: GET /api/chat/contacts | Status: 304 | Size: - B | Time: 5.697 ms | User: anil (anil@gmail.com)
2026-06-22 12:14:00:140 [HTTP]: GET /api/chat/messages/9f4a6e5b-e271-4d15-8e0e-03f91dd075e5 | Status: 304 | Size: - B | Time: 5.441 ms | User: anil (anil@gmail.com)
2026-06-22 12:14:00:140 [HTTP]: GET /api/chat/contacts | Status: 304 | Size: - B | Time: 7.196 ms | User: anil (anil@gmail.com)
2026-06-22 12:14:07:147 [HTTP]: POST /api/chat/messages | Status: 201 | Size: 264 B | Time: 11.907 ms | User: anil (anil@gmail.com)
2026-06-22 12:14:10:1410 [HTTP]: GET /api/chat/contacts | Status: 200 | Size: 351 B | Time: 5.613 ms | User: aflah cholayil (aflah@gmail.com)
2026-06-22 12:14:12:1412 [HTTP]: GET /api/chat/contacts | Status: 304 | Size: - B | Time: 5.789 ms | User: aflah cholayil (aflah@gmail.com)
2026-06-22 12:14:13:1413 [HTTP]: GET /api/chat/messages/4afa4f54-b3e2-4e00-892e-d03f4d0654a8 | Status: 200 | Size: 266 B | Time: 5.213 ms | User: aflah cholayil (aflah@gmail.com)
2026-06-22 12:14:13:1413 [HTTP]: GET /api/chat/contacts | Status: 200 | Size: 351 B | Time: 3.863 ms | User: aflah cholayil (aflah@gmail.com)
2026-06-22 12:14:15:1415 [HTTP]: GET /api/chat/contacts | Status: 304 | Size: - B | Time: 7.986 ms | User: aflah cholayil (aflah@gmail.com)
2026-06-22 12:14:18:1418 [HTTP]: GET /api/chat/contacts | Status: 304 | Size: - B | Time: 6.232 ms | User: aflah cholayil (aflah@gmail.com)
2026-06-22 12:22:43:2243 [INFO]: Connected to PostgreSQL
2026-06-22 12:22:43:2243 [INFO]: All models synced with PostgreSQL
2026-06-22 12:22:44:2244 [INFO]: Seeded default admin user: admin@gmail.com
2026-06-22 12:22:44:2244 [INFO]: Server is running on port 5000
2026-06-22 12:22:44:2244 [INFO]: [Redis] Connected successfully
2026-06-22 12:22:44:2244 [INFO]: [Redis] Client is ready to accept commands
2026-06-22 12:24:28:2428 [HTTP]: POST /api/login | Status: 200 | Size: 124 B | Time: 3747.627 ms | User: anonymous (anonymous)
2026-06-22 12:24:51:2451 [HTTP]: POST /api/verify-otp | Status: 200 | Size: 1063 B | Time: 168.973 ms | User: anonymous (anonymous)
2026-06-22 12:24:51:2451 [HTTP]: GET /api/user/notifications | Status: 304 | Size: - B | Time: 23.073 ms | User: Admin User (admin@gmail.com)
2026-06-22 12:24:51:2451 [HTTP]: GET /api/tasks | Status: 304 | Size: - B | Time: 17.328 ms | User: Admin User (admin@gmail.com)
2026-06-22 12:24:51:2451 [HTTP]: GET /api/chat/contacts | Status: 200 | Size: 530 B | Time: 114.714 ms | User: Admin User (admin@gmail.com)
2026-06-22 12:24:51:2451 [HTTP]: GET /api/tasks | Status: 304 | Size: - B | Time: 11.725 ms | User: Admin User (admin@gmail.com)
2026-06-22 12:24:51:2451 [HTTP]: GET /api/chat/contacts | Status: 304 | Size: - B | Time: 16.520 ms | User: Admin User (admin@gmail.com)
2026-06-22 12:24:56:2456 [HTTP]: GET /api/admin/tasks | Status: 200 | Size: 2 B | Time: 21.156 ms | User: Admin User (admin@gmail.com)
2026-06-22 12:24:56:2456 [HTTP]: GET /api/admin/users | Status: 200 | Size: 3418 B | Time: 29.808 ms | User: Admin User (admin@gmail.com)
2026-06-22 12:24:56:2456 [HTTP]: GET /api/admin/tasks/all | Status: 200 | Size: 2 B | Time: 17.805 ms | User: Admin User (admin@gmail.com)
2026-06-22 12:24:56:2456 [HTTP]: GET /api/admin/tasks | Status: 304 | Size: - B | Time: 11.377 ms | User: Admin User (admin@gmail.com)
2026-06-22 12:24:56:2456 [HTTP]: GET /api/admin/tasks/all | Status: 304 | Size: - B | Time: 11.066 ms | User: Admin User (admin@gmail.com)
2026-06-22 12:24:56:2456 [HTTP]: GET /api/admin/users | Status: 304 | Size: - B | Time: 16.584 ms | User: Admin User (admin@gmail.com)
2026-06-22 12:24:56:2456 [HTTP]: GET /api/admin/designations/permissions | Status: 200 | Size: 889 B | Time: 18.995 ms | User: Admin User (admin@gmail.com)
2026-06-22 12:24:56:2456 [HTTP]: GET /api/admin/designations/permissions | Status: 200 | Size: 889 B | Time: 4.116 ms | User: Admin User (admin@gmail.com)
2026-06-22 12:24:56:2456 [HTTP]: GET /api/uploads/profilePicture-1782104515392-179802896.png | Status: 304 | Size: - B | Time: 3.632 ms | User: anonymous (anonymous)
2026-06-22 12:25:14:2514 [HTTP]: POST /api/admin/notifications/send | Status: 201 | Size: 72 B | Time: 76.535 ms | User: Admin User (admin@gmail.com)
2026-06-22 12:25:32:2532 [HTTP]: GET /api/chat/contacts | Status: 200 | Size: 533 B | Time: 59.898 ms | User: anil (anil@gmail.com)
2026-06-22 12:26:13:2613 [HTTP]: PUT /api/user/notifications/undefined/read | Status: 500 | Size: 86 B | Time: 66.448 ms | User: anil (anil@gmail.com)
2026-06-22 12:26:16:2616 [HTTP]: GET /api/chat/contacts | Status: 304 | Size: - B | Time: 15.575 ms | User: anil (anil@gmail.com)
2026-06-22 12:26:18:2618 [HTTP]: GET /api/chat/contacts | Status: 304 | Size: - B | Time: 7.555 ms | User: anil (anil@gmail.com)
2026-06-22 12:26:21:2621 [HTTP]: GET /api/chat/messages/8914d994-15ab-41e2-bf3c-68174ce109d9 | Status: 200 | Size: 2 B | Time: 10.309 ms | User: anil (anil@gmail.com)
2026-06-22 12:26:21:2621 [HTTP]: GET /api/chat/contacts | Status: 304 | Size: - B | Time: 6.951 ms | User: anil (anil@gmail.com)
2026-06-22 12:26:29:2629 [HTTP]: POST /api/chat/messages | Status: 201 | Size: 273 B | Time: 10.564 ms | User: anil (anil@gmail.com)
2026-06-22 12:26:33:2633 [HTTP]: GET /api/chat/contacts | Status: 200 | Size: 530 B | Time: 8.240 ms | User: Admin User (admin@gmail.com)
2026-06-22 12:26:34:2634 [HTTP]: GET /api/chat/messages/4afa4f54-b3e2-4e00-892e-d03f4d0654a8 | Status: 200 | Size: 275 B | Time: 7.609 ms | User: Admin User (admin@gmail.com)
2026-06-22 12:26:34:2634 [HTTP]: GET /api/chat/contacts | Status: 200 | Size: 530 B | Time: 7.641 ms | User: Admin User (admin@gmail.com)
2026-06-22 12:26:36:2636 [HTTP]: GET /api/chat/contacts | Status: 304 | Size: - B | Time: 7.424 ms | User: Admin User (admin@gmail.com)
2026-06-22 12:26:42:2642 [HTTP]: GET /api/chat/contacts | Status: 304 | Size: - B | Time: 8.760 ms | User: anil (anil@gmail.com)
2026-06-22 12:26:43:2643 [HTTP]: GET /api/chat/messages/8914d994-15ab-41e2-bf3c-68174ce109d9 | Status: 200 | Size: 274 B | Time: 6.720 ms | User: anil (anil@gmail.com)
2026-06-22 12:26:43:2643 [HTTP]: GET /api/chat/contacts | Status: 304 | Size: - B | Time: 7.215 ms | User: anil (anil@gmail.com)
2026-06-22 12:26:46:2646 [HTTP]: GET /api/chat/contacts | Status: 304 | Size: - B | Time: 6.495 ms | User: anil (anil@gmail.com)
2026-06-22 12:26:57:2657 [HTTP]: GET /api/chat/contacts | Status: 304 | Size: - B | Time: 56.912 ms | User: anil (anil@gmail.com)
2026-06-22 12:27:01:271 [HTTP]: GET /api/chat/contacts | Status: 304 | Size: - B | Time: 7.621 ms | User: anil (anil@gmail.com)
2026-06-22 12:27:02:272 [HTTP]: GET /api/chat/messages/8914d994-15ab-41e2-bf3c-68174ce109d9 | Status: 304 | Size: - B | Time: 5.577 ms | User: anil (anil@gmail.com)
2026-06-22 12:27:02:272 [HTTP]: GET /api/chat/contacts | Status: 304 | Size: - B | Time: 6.413 ms | User: anil (anil@gmail.com)
2026-06-22 12:27:05:275 [HTTP]: GET /api/chat/contacts | Status: 304 | Size: - B | Time: 5.701 ms | User: anil (anil@gmail.com)
2026-06-22 12:27:09:279 [HTTP]: GET /api/chat/messages/8914d994-15ab-41e2-bf3c-68174ce109d9 | Status: 304 | Size: - B | Time: 5.590 ms | User: anil (anil@gmail.com)
2026-06-22 12:27:09:279 [HTTP]: GET /api/chat/contacts | Status: 304 | Size: - B | Time: 6.950 ms | User: anil (anil@gmail.com)
2026-06-22 12:27:11:2711 [HTTP]: GET /api/chat/contacts | Status: 304 | Size: - B | Time: 5.340 ms | User: anil (anil@gmail.com)
2026-06-22 12:27:14:2714 [HTTP]: GET /api/chat/contacts | Status: 304 | Size: - B | Time: 8.353 ms | User: anil (anil@gmail.com)
2026-06-22 12:29:33:2933 [HTTP]: GET /api/chat/messages/9f4a6e5b-e271-4d15-8e0e-03f91dd075e5 | Status: 200 | Size: 2 B | Time: 59.539 ms | User: Admin User (admin@gmail.com)
2026-06-22 12:29:33:2933 [HTTP]: GET /api/chat/contacts | Status: 304 | Size: - B | Time: 17.195 ms | User: Admin User (admin@gmail.com)
2026-06-22 12:29:43:2943 [HTTP]: GET /api/chat/contacts | Status: 304 | Size: - B | Time: 6.436 ms | User: Admin User (admin@gmail.com)
2026-06-22 12:29:51:2951 [HTTP]: GET /api/uploads/profilePicture-1782104515392-179802896.png | Status: 304 | Size: - B | Time: 1.061 ms | User: anonymous (anonymous)
2026-06-22 12:29:54:2954 [HTTP]: GET /api/tasks | Status: 304 | Size: - B | Time: 57.121 ms | User: Admin User (admin@gmail.com)
2026-06-22 12:29:54:2954 [HTTP]: GET /api/tasks | Status: 304 | Size: - B | Time: 3.792 ms | User: Admin User (admin@gmail.com)
2026-06-22 12:40:10:4010 [HTTP]: GET /api/chat/contacts | Status: 304 | Size: - B | Time: 91.894 ms | User: Admin User (admin@gmail.com)
2026-06-22 12:40:12:4012 [HTTP]: GET /api/chat/contacts | Status: 304 | Size: - B | Time: 8.762 ms | User: Admin User (admin@gmail.com)
2026-06-22 12:42:15:4215 [HTTP]: GET /api/chat/contacts | Status: 304 | Size: - B | Time: 58.991 ms | User: Admin User (admin@gmail.com)
2026-06-22 12:42:17:4217 [HTTP]: GET /api/user/me | Status: 200 | Size: 375 B | Time: 18.390 ms | User: Admin User (admin@gmail.com)
2026-06-22 12:42:17:4217 [HTTP]: GET /api/user/me | Status: 304 | Size: - B | Time: 8.540 ms | User: Admin User (admin@gmail.com)
2026-06-22 12:42:17:4217 [HTTP]: GET /api/tasks | Status: 304 | Size: - B | Time: 7.619 ms | User: Admin User (admin@gmail.com)
2026-06-22 12:42:17:4217 [HTTP]: GET /api/user/notifications | Status: 304 | Size: - B | Time: 14.866 ms | User: Admin User (admin@gmail.com)
2026-06-22 12:42:17:4217 [HTTP]: GET /api/tasks | Status: 304 | Size: - B | Time: 16.459 ms | User: Admin User (admin@gmail.com)
2026-06-22 12:42:17:4217 [HTTP]: GET /api/tasks | Status: 304 | Size: - B | Time: 8.491 ms | User: Admin User (admin@gmail.com)
2026-06-22 12:42:17:4217 [HTTP]: GET /api/chat/contacts | Status: 304 | Size: - B | Time: 54.656 ms | User: Admin User (admin@gmail.com)
2026-06-22 12:42:17:4217 [HTTP]: GET /api/tasks | Status: 304 | Size: - B | Time: 9.312 ms | User: Admin User (admin@gmail.com)
2026-06-22 12:42:17:4217 [HTTP]: GET /api/chat/contacts | Status: 304 | Size: - B | Time: 17.149 ms | User: Admin User (admin@gmail.com)
2026-06-22 12:42:17:4217 [HTTP]: GET /api/chat/contacts | Status: 304 | Size: - B | Time: 11.723 ms | User: Admin User (admin@gmail.com)
2026-06-22 12:42:17:4217 [HTTP]: GET /api/chat/contacts | Status: 304 | Size: - B | Time: 8.150 ms | User: Admin User (admin@gmail.com)
2026-06-22 12:42:19:4219 [HTTP]: GET /api/chat/contacts | Status: 304 | Size: - B | Time: 6.294 ms | User: Admin User (admin@gmail.com)
2026-06-22 12:42:32:4232 [HTTP]: GET /api/chat/contacts | Status: 304 | Size: - B | Time: 64.284 ms | User: anil (anil@gmail.com)
2026-06-22 12:42:35:4235 [HTTP]: GET /api/chat/messages/8914d994-15ab-41e2-bf3c-68174ce109d9 | Status: 304 | Size: - B | Time: 9.046 ms | User: anil (anil@gmail.com)
2026-06-22 12:42:35:4235 [HTTP]: GET /api/chat/contacts | Status: 304 | Size: - B | Time: 6.582 ms | User: anil (anil@gmail.com)
2026-06-22 12:42:39:4239 [HTTP]: GET /api/chat/contacts | Status: 304 | Size: - B | Time: 7.688 ms | User: anil (anil@gmail.com)
2026-06-22 12:42:43:4243 [HTTP]: GET /api/chat/messages/4afa4f54-b3e2-4e00-892e-d03f4d0654a8 | Status: 200 | Size: 274 B | Time: 5.177 ms | User: Admin User (admin@gmail.com)
2026-06-22 12:42:43:4243 [HTTP]: GET /api/chat/contacts | Status: 304 | Size: - B | Time: 5.191 ms | User: Admin User (admin@gmail.com)
2026-06-22 12:42:47:4247 [HTTP]: POST /api/chat/messages | Status: 201 | Size: 254 B | Time: 13.129 ms | User: Admin User (admin@gmail.com)
2026-06-22 12:42:47:4247 [HTTP]: PUT /api/chat/messages/8914d994-15ab-41e2-bf3c-68174ce109d9/read | Status: 200 | Size: 37 B | Time: 5.049 ms | User: anil (anil@gmail.com)
2026-06-22 12:42:50:4250 [HTTP]: GET /api/chat/contacts | Status: 304 | Size: - B | Time: 5.023 ms | User: anil (anil@gmail.com)
2026-06-22 12:42:52:4252 [HTTP]: GET /api/chat/contacts | Status: 304 | Size: - B | Time: 5.631 ms | User: anil (anil@gmail.com)
2026-06-22 12:42:58:4258 [HTTP]: GET /api/chat/contacts | Status: 304 | Size: - B | Time: 7.632 ms | User: anil (anil@gmail.com)
2026-06-22 12:43:38:4338 [HTTP]: POST /api/login | Status: 400 | Size: 39 B | Time: 57.885 ms | User: anonymous (anonymous)
2026-06-22 12:43:56:4356 [HTTP]: POST /api/login | Status: 200 | Size: 130 B | Time: 3161.768 ms | User: anonymous (anonymous)
2026-06-22 12:44:23:4423 [HTTP]: POST /api/verify-otp | Status: 200 | Size: 1091 B | Time: 64.113 ms | User: anonymous (anonymous)
2026-06-22 12:44:23:4423 [HTTP]: GET /api/user/notifications | Status: 304 | Size: - B | Time: 15.679 ms | User: mercy onattu (mercyonattu@gmail.com)
2026-06-22 12:44:23:4423 [HTTP]: GET /api/tasks | Status: 304 | Size: - B | Time: 73.455 ms | User: mercy onattu (mercyonattu@gmail.com)
2026-06-22 12:44:23:4423 [HTTP]: GET /api/chat/contacts | Status: 200 | Size: 517 B | Time: 103.356 ms | User: mercy onattu (mercyonattu@gmail.com)
2026-06-22 12:44:23:4423 [HTTP]: GET /api/tasks | Status: 304 | Size: - B | Time: 8.769 ms | User: mercy onattu (mercyonattu@gmail.com)
2026-06-22 12:44:23:4423 [HTTP]: GET /api/chat/contacts | Status: 304 | Size: - B | Time: 8.351 ms | User: mercy onattu (mercyonattu@gmail.com)
2026-06-22 12:44:26:4426 [HTTP]: GET /api/chat/contacts | Status: 304 | Size: - B | Time: 14.137 ms | User: mercy onattu (mercyonattu@gmail.com)
2026-06-22 12:44:45:4445 [HTTP]: GET /api/chat/messages/8914d994-15ab-41e2-bf3c-68174ce109d9 | Status: 200 | Size: 2 B | Time: 51.829 ms | User: mercy onattu (mercyonattu@gmail.com)
2026-06-22 12:44:45:4445 [HTTP]: GET /api/chat/contacts | Status: 304 | Size: - B | Time: 11.777 ms | User: mercy onattu (mercyonattu@gmail.com)
2026-06-22 12:44:48:4448 [HTTP]: POST /api/chat/messages | Status: 201 | Size: 258 B | Time: 8.318 ms | User: mercy onattu (mercyonattu@gmail.com)
2026-06-22 12:44:53:4453 [HTTP]: GET /api/chat/contacts | Status: 200 | Size: 530 B | Time: 6.477 ms | User: Admin User (admin@gmail.com)
2026-06-22 12:44:55:4455 [HTTP]: GET /api/chat/messages/78d0340d-8c12-44cd-9211-312f6f07dd97 | Status: 200 | Size: 260 B | Time: 5.082 ms | User: Admin User (admin@gmail.com)
2026-06-22 12:44:55:4455 [HTTP]: GET /api/chat/contacts | Status: 200 | Size: 530 B | Time: 6.348 ms | User: Admin User (admin@gmail.com)
2026-06-22 12:45:01:451 [HTTP]: POST /api/chat/messages | Status: 201 | Size: 257 B | Time: 7.711 ms | User: Admin User (admin@gmail.com)
2026-06-22 12:45:01:451 [HTTP]: PUT /api/chat/messages/8914d994-15ab-41e2-bf3c-68174ce109d9/read | Status: 200 | Size: 37 B | Time: 3.372 ms | User: mercy onattu (mercyonattu@gmail.com)
2026-06-22 12:45:04:454 [HTTP]: GET /api/chat/contacts | Status: 304 | Size: - B | Time: 6.403 ms | User: mercy onattu (mercyonattu@gmail.com)
2026-06-22 12:45:08:458 [HTTP]: GET /api/chat/contacts | Status: 304 | Size: - B | Time: 5.671 ms | User: mercy onattu (mercyonattu@gmail.com)
2026-06-22 13:38:24:3824 [HTTP]: GET /api/tasks | Status: 304 | Size: - B | Time: 251.080 ms | User: mercy onattu (mercyonattu@gmail.com)
2026-06-22 13:38:24:3824 [HTTP]: GET /api/user/notifications | Status: 304 | Size: - B | Time: 248.931 ms | User: mercy onattu (mercyonattu@gmail.com)
2026-06-22 13:38:24:3824 [HTTP]: GET /api/user/me | Status: 200 | Size: 387 B | Time: 347.319 ms | User: mercy onattu (mercyonattu@gmail.com)
2026-06-22 13:38:24:3824 [HTTP]: GET /api/chat/contacts | Status: 304 | Size: - B | Time: 321.309 ms | User: mercy onattu (mercyonattu@gmail.com)
2026-06-22 13:38:24:3824 [HTTP]: GET /api/tasks | Status: 304 | Size: - B | Time: 26.906 ms | User: mercy onattu (mercyonattu@gmail.com)
2026-06-22 13:38:24:3824 [HTTP]: GET /api/user/me | Status: 304 | Size: - B | Time: 32.960 ms | User: mercy onattu (mercyonattu@gmail.com)
2026-06-22 13:38:24:3824 [HTTP]: GET /api/tasks | Status: 304 | Size: - B | Time: 8.965 ms | User: mercy onattu (mercyonattu@gmail.com)
2026-06-22 13:38:24:3824 [HTTP]: GET /api/chat/contacts | Status: 304 | Size: - B | Time: 18.696 ms | User: mercy onattu (mercyonattu@gmail.com)
2026-06-22 13:38:24:3824 [HTTP]: GET /api/tasks | Status: 304 | Size: - B | Time: 9.900 ms | User: mercy onattu (mercyonattu@gmail.com)
2026-06-22 13:38:24:3824 [HTTP]: GET /api/chat/contacts | Status: 304 | Size: - B | Time: 11.447 ms | User: mercy onattu (mercyonattu@gmail.com)
2026-06-22 13:38:24:3824 [HTTP]: GET /api/chat/contacts | Status: 304 | Size: - B | Time: 8.190 ms | User: mercy onattu (mercyonattu@gmail.com)
2026-06-22 13:38:31:3831 [HTTP]: GET /api/user/me | Status: 304 | Size: - B | Time: 11.998 ms | User: Admin User (admin@gmail.com)
2026-06-22 13:38:31:3831 [HTTP]: GET /api/user/me | Status: 304 | Size: - B | Time: 6.252 ms | User: Admin User (admin@gmail.com)
2026-06-22 13:38:31:3831 [HTTP]: GET /api/tasks | Status: 304 | Size: - B | Time: 4.058 ms | User: Admin User (admin@gmail.com)
2026-06-22 13:38:31:3831 [HTTP]: GET /api/user/notifications | Status: 304 | Size: - B | Time: 10.361 ms | User: Admin User (admin@gmail.com)
2026-06-22 13:38:31:3831 [HTTP]: GET /api/tasks | Status: 304 | Size: - B | Time: 9.066 ms | User: Admin User (admin@gmail.com)
2026-06-22 13:38:31:3831 [HTTP]: GET /api/chat/contacts | Status: 304 | Size: - B | Time: 25.108 ms | User: Admin User (admin@gmail.com)
2026-06-22 13:38:31:3831 [HTTP]: GET /api/chat/contacts | Status: 304 | Size: - B | Time: 10.634 ms | User: Admin User (admin@gmail.com)
2026-06-22 13:38:31:3831 [HTTP]: GET /api/chat/contacts | Status: 304 | Size: - B | Time: 10.065 ms | User: Admin User (admin@gmail.com)
2026-06-22 13:38:31:3831 [HTTP]: GET /api/chat/contacts | Status: 304 | Size: - B | Time: 9.072 ms | User: Admin User (admin@gmail.com)
2026-06-22 13:38:31:3831 [HTTP]: GET /api/tasks | Status: 304 | Size: - B | Time: 4.680 ms | User: Admin User (admin@gmail.com)
2026-06-22 13:38:31:3831 [HTTP]: GET /api/tasks | Status: 304 | Size: - B | Time: 3.320 ms | User: Admin User (admin@gmail.com)
2026-06-22 13:47:26:4726 [INFO]: Connected to PostgreSQL
2026-06-22 13:47:26:4726 [INFO]: All models synced with PostgreSQL
2026-06-22 13:47:26:4726 [ERROR]: Uncaught Exception! Shutting down server... listen EADDRINUSE: address already in use :::5000
Error: listen EADDRINUSE: address already in use :::5000
    at Server.setupListenHandle [as _listen2] (node:net:1937:16)
    at listenInCluster (node:net:1994:12)
    at Server.listen (node:net:2099:7)
    at file:///C:/Users/soalw/OneDrive/Desktop/inciem%20tasks/backend/server.js:185:12
    at process.processTicksAndRejections (node:internal/process/task_queues:105:5)
2026-06-22 13:47:49:4749 [INFO]: Connected to PostgreSQL
2026-06-22 13:47:49:4749 [INFO]: All models synced with PostgreSQL
2026-06-22 13:47:49:4749 [INFO]: Server is running on port 5000
2026-06-22 13:47:49:4749 [INFO]: [Redis] Connected successfully
2026-06-22 13:47:49:4749 [INFO]: [Redis] Client is ready to accept commands
2026-06-22 13:48:22:4822 [HTTP]: GET /api/user/notifications | Status: 304 | Size: - B | Time: 54.962 ms | User: Admin User (admin@gmail.com)
2026-06-22 13:48:22:4822 [HTTP]: GET /api/tasks | Status: 304 | Size: - B | Time: 65.019 ms | User: Admin User (admin@gmail.com)
2026-06-22 13:48:22:4822 [HTTP]: GET /api/user/me | Status: 304 | Size: - B | Time: 192.000 ms | User: Admin User (admin@gmail.com)
2026-06-22 13:48:22:4822 [HTTP]: GET /api/user/notifications | Status: 304 | Size: - B | Time: 23.096 ms | User: Admin User (admin@gmail.com)
2026-06-22 13:48:22:4822 [HTTP]: GET /api/chat/contacts | Status: 304 | Size: - B | Time: 164.662 ms | User: Admin User (admin@gmail.com)
2026-06-22 13:48:22:4822 [HTTP]: GET /api/tasks | Status: 304 | Size: - B | Time: 18.434 ms | User: Admin User (admin@gmail.com)
2026-06-22 13:48:22:4822 [HTTP]: GET /api/user/me | Status: 304 | Size: - B | Time: 27.705 ms | User: Admin User (admin@gmail.com)
2026-06-22 13:48:22:4822 [HTTP]: GET /api/tasks | Status: 304 | Size: - B | Time: 13.204 ms | User: Admin User (admin@gmail.com)
2026-06-22 13:48:22:4822 [HTTP]: GET /api/chat/contacts | Status: 304 | Size: - B | Time: 34.125 ms | User: Admin User (admin@gmail.com)
2026-06-22 13:48:22:4822 [HTTP]: GET /api/user/me | Status: 304 | Size: - B | Time: 16.434 ms | User: Admin User (admin@gmail.com)
2026-06-22 13:48:22:4822 [HTTP]: GET /api/tasks | Status: 304 | Size: - B | Time: 8.973 ms | User: Admin User (admin@gmail.com)
2026-06-22 13:48:22:4822 [HTTP]: GET /api/user/me | Status: 304 | Size: - B | Time: 10.816 ms | User: Admin User (admin@gmail.com)
2026-06-22 13:48:22:4822 [HTTP]: GET /api/chat/contacts | Status: 304 | Size: - B | Time: 27.789 ms | User: Admin User (admin@gmail.com)
2026-06-22 13:48:22:4822 [HTTP]: GET /api/tasks | Status: 304 | Size: - B | Time: 7.719 ms | User: Admin User (admin@gmail.com)
2026-06-22 13:48:22:4822 [HTTP]: GET /api/tasks | Status: 304 | Size: - B | Time: 5.806 ms | User: Admin User (admin@gmail.com)
2026-06-22 13:48:22:4822 [HTTP]: GET /api/chat/contacts | Status: 304 | Size: - B | Time: 14.750 ms | User: Admin User (admin@gmail.com)
2026-06-22 13:48:22:4822 [HTTP]: GET /api/chat/contacts | Status: 304 | Size: - B | Time: 8.123 ms | User: Admin User (admin@gmail.com)
2026-06-22 13:48:22:4822 [HTTP]: GET /api/chat/contacts | Status: 304 | Size: - B | Time: 8.821 ms | User: Admin User (admin@gmail.com)
2026-06-22 13:48:22:4822 [HTTP]: GET /api/chat/contacts | Status: 304 | Size: - B | Time: 8.216 ms | User: Admin User (admin@gmail.com)
2026-06-22 13:48:22:4822 [HTTP]: GET /api/chat/contacts | Status: 304 | Size: - B | Time: 9.088 ms | User: Admin User (admin@gmail.com)
2026-06-22 13:48:26:4826 [HTTP]: GET /api/admin/users | Status: 200 | Size: 3427 B | Time: 22.388 ms | User: Admin User (admin@gmail.com)
2026-06-22 13:48:26:4826 [HTTP]: GET /api/admin/tasks | Status: 304 | Size: - B | Time: 23.112 ms | User: Admin User (admin@gmail.com)
2026-06-22 13:48:26:4826 [HTTP]: GET /api/admin/tasks/all | Status: 304 | Size: - B | Time: 18.567 ms | User: Admin User (admin@gmail.com)
2026-06-22 13:48:26:4826 [HTTP]: GET /api/admin/tasks | Status: 304 | Size: - B | Time: 9.400 ms | User: Admin User (admin@gmail.com)
2026-06-22 13:48:26:4826 [HTTP]: GET /api/admin/tasks/all | Status: 304 | Size: - B | Time: 10.078 ms | User: Admin User (admin@gmail.com)
2026-06-22 13:48:26:4826 [HTTP]: GET /api/admin/users | Status: 304 | Size: - B | Time: 24.602 ms | User: Admin User (admin@gmail.com)
2026-06-22 13:48:26:4826 [HTTP]: GET /api/admin/designations/permissions | Status: 304 | Size: - B | Time: 10.761 ms | User: Admin User (admin@gmail.com)
2026-06-22 13:48:26:4826 [HTTP]: GET /api/admin/designations/permissions | Status: 304 | Size: - B | Time: 3.294 ms | User: Admin User (admin@gmail.com)
2026-06-22 13:48:27:4827 [HTTP]: GET /api/uploads/profilePicture-1782104515392-179802896.png | Status: 304 | Size: - B | Time: 2.778 ms | User: anonymous (anonymous)
2026-06-22 13:48:36:4836 [HTTP]: GET /api/user/me | Status: 304 | Size: - B | Time: 21.345 ms | User: mercy onattu (mercyonattu@gmail.com)
2026-06-22 13:48:36:4836 [HTTP]: GET /api/tasks | Status: 304 | Size: - B | Time: 26.446 ms | User: mercy onattu (mercyonattu@gmail.com)
2026-06-22 13:48:36:4836 [HTTP]: GET /api/user/notifications | Status: 304 | Size: - B | Time: 16.258 ms | User: mercy onattu (mercyonattu@gmail.com)
2026-06-22 13:48:36:4836 [HTTP]: GET /api/user/me | Status: 304 | Size: - B | Time: 27.492 ms | User: mercy onattu (mercyonattu@gmail.com)
2026-06-22 13:48:36:4836 [HTTP]: GET /api/tasks | Status: 304 | Size: - B | Time: 17.840 ms | User: mercy onattu (mercyonattu@gmail.com)
2026-06-22 13:48:36:4836 [HTTP]: GET /api/chat/contacts | Status: 304 | Size: - B | Time: 77.558 ms | User: mercy onattu (mercyonattu@gmail.com)
2026-06-22 13:48:36:4836 [HTTP]: GET /api/chat/contacts | Status: 304 | Size: - B | Time: 16.654 ms | User: mercy onattu (mercyonattu@gmail.com)
2026-06-22 13:48:36:4836 [HTTP]: GET /api/tasks | Status: 304 | Size: - B | Time: 5.002 ms | User: mercy onattu (mercyonattu@gmail.com)
2026-06-22 13:48:36:4836 [HTTP]: GET /api/tasks | Status: 304 | Size: - B | Time: 9.539 ms | User: mercy onattu (mercyonattu@gmail.com)
2026-06-22 13:48:36:4836 [HTTP]: GET /api/chat/contacts | Status: 304 | Size: - B | Time: 22.660 ms | User: mercy onattu (mercyonattu@gmail.com)
2026-06-22 13:48:36:4836 [HTTP]: GET /api/chat/contacts | Status: 304 | Size: - B | Time: 18.342 ms | User: mercy onattu (mercyonattu@gmail.com)
2026-06-22 13:48:59:4859 [HTTP]: GET /api/chat/contacts | Status: 304 | Size: - B | Time: 74.572 ms | User: Admin User (admin@gmail.com)
2026-06-22 13:49:00:490 [HTTP]: GET /api/chat/messages/78d0340d-8c12-44cd-9211-312f6f07dd97 | Status: 200 | Size: 516 B | Time: 23.745 ms | User: Admin User (admin@gmail.com)
2026-06-22 13:49:00:490 [HTTP]: GET /api/chat/contacts | Status: 304 | Size: - B | Time: 6.983 ms | User: Admin User (admin@gmail.com)
2026-06-22 13:49:05:495 [HTTP]: POST /api/chat/messages | Status: 201 | Size: 258 B | Time: 43.462 ms | User: Admin User (admin@gmail.com)
2026-06-22 13:49:11:4911 [HTTP]: GET /api/chat/contacts | Status: 200 | Size: 517 B | Time: 5.998 ms | User: mercy onattu (mercyonattu@gmail.com)
2026-06-22 13:49:16:4916 [HTTP]: GET /api/chat/contacts | Status: 304 | Size: - B | Time: 6.000 ms | User: mercy onattu (mercyonattu@gmail.com)
2026-06-22 13:50:04:504 [HTTP]: GET /api/chat/contacts | Status: 304 | Size: - B | Time: 67.268 ms | User: Admin User (admin@gmail.com)
2026-06-22 14:02:20:220 [INFO]: Connected to PostgreSQL
2026-06-22 14:02:21:221 [INFO]: All models synced with PostgreSQL
2026-06-22 14:02:21:221 [INFO]: Server is running on port 5000
2026-06-22 14:02:21:221 [INFO]: [Redis] Connected successfully
2026-06-22 14:02:21:221 [INFO]: [Redis] Client is ready to accept commands
2026-06-22 14:06:40:640 [INFO]: Connected to PostgreSQL
2026-06-22 14:06:40:640 [INFO]: All models synced with PostgreSQL
2026-06-22 14:06:40:640 [INFO]: Server is running on port 5000
2026-06-22 14:06:40:640 [INFO]: [Redis] Connected successfully
2026-06-22 14:06:40:640 [INFO]: [Redis] Client is ready to accept commands
2026-06-22 14:06:42:642 [INFO]: Connected to PostgreSQL
2026-06-22 14:06:43:643 [INFO]: All models synced with PostgreSQL
2026-06-22 14:06:43:643 [INFO]: Server is running on port 5000
2026-06-22 14:06:43:643 [INFO]: [Redis] Connected successfully
2026-06-22 14:06:43:643 [INFO]: [Redis] Client is ready to accept commands
2026-06-22 14:06:51:651 [INFO]: Connected to PostgreSQL
2026-06-22 14:06:51:651 [INFO]: All models synced with PostgreSQL
2026-06-22 14:06:51:651 [INFO]: Server is running on port 5000
2026-06-22 14:06:51:651 [INFO]: [Redis] Connected successfully
2026-06-22 14:06:51:651 [INFO]: [Redis] Client is ready to accept commands
2026-06-22 14:06:54:654 [INFO]: Connected to PostgreSQL
2026-06-22 14:06:54:654 [INFO]: All models synced with PostgreSQL
2026-06-22 14:06:54:654 [INFO]: Server is running on port 5000
2026-06-22 14:06:54:654 [INFO]: [Redis] Connected successfully
2026-06-22 14:06:54:654 [INFO]: [Redis] Client is ready to accept commands
2026-06-22 14:17:25:1725 [INFO]: Connected to PostgreSQL
2026-06-22 14:17:36:1736 [INFO]: Connected to PostgreSQL
2026-06-22 14:17:45:1745 [INFO]: All models synced with PostgreSQL
2026-06-22 14:17:46:1746 [INFO]: Seeded default admin user: admin@gmail.com
2026-06-22 14:17:46:1746 [INFO]: Server is running on port 5000
2026-06-22 14:17:46:1746 [INFO]: [Redis] Connected successfully
2026-06-22 14:17:46:1746 [INFO]: [Redis] Client is ready to accept commands
2026-06-22 14:18:31:1831 [INFO]: Connected to PostgreSQL
2026-06-22 14:18:51:1851 [INFO]: All models synced with PostgreSQL
2026-06-22 14:18:51:1851 [INFO]: Server is running on port 5000
2026-06-22 14:18:51:1851 [INFO]: [Redis] Connected successfully
2026-06-22 14:18:51:1851 [INFO]: [Redis] Client is ready to accept commands
2026-06-22 14:21:54:2154 [HTTP]: GET /api/user/me | Status: 404 | Size: 28 B | Time: 2375.684 ms | User: Admin User (admin@gmail.com)
2026-06-22 14:21:55:2155 [HTTP]: GET /api/admin/tasks/all | Status: 304 | Size: - B | Time: 2611.093 ms | User: Admin User (admin@gmail.com)
2026-06-22 14:21:55:2155 [HTTP]: GET /api/admin/tasks | Status: 304 | Size: - B | Time: 2618.818 ms | User: Admin User (admin@gmail.com)
2026-06-22 14:21:55:2155 [HTTP]: GET /api/user/notifications | Status: 304 | Size: - B | Time: 2610.955 ms | User: Admin User (admin@gmail.com)
2026-06-22 14:21:55:2155 [HTTP]: GET /api/tasks | Status: 304 | Size: - B | Time: 486.697 ms | User: Admin User (admin@gmail.com)
2026-06-22 14:21:55:2155 [HTTP]: GET /api/admin/users | Status: 200 | Size: 557 B | Time: 2876.148 ms | User: Admin User (admin@gmail.com)
2026-06-22 14:21:55:2155 [HTTP]: GET /api/chat/contacts | Status: 200 | Size: 171 B | Time: 2879.100 ms | User: Admin User (admin@gmail.com)
2026-06-22 14:21:55:2155 [HTTP]: GET /api/user/me | Status: 404 | Size: 28 B | Time: 261.699 ms | User: Admin User (admin@gmail.com)
2026-06-22 14:21:55:2155 [HTTP]: GET /api/admin/tasks/all | Status: 304 | Size: - B | Time: 266.463 ms | User: Admin User (admin@gmail.com)
2026-06-22 14:21:55:2155 [HTTP]: GET /api/admin/tasks | Status: 304 | Size: - B | Time: 442.136 ms | User: Admin User (admin@gmail.com)
2026-06-22 14:21:55:2155 [HTTP]: GET /api/tasks | Status: 304 | Size: - B | Time: 290.793 ms | User: Admin User (admin@gmail.com)
2026-06-22 14:21:56:2156 [HTTP]: GET /api/admin/users | Status: 304 | Size: - B | Time: 545.999 ms | User: Admin User (admin@gmail.com)
2026-06-22 14:21:56:2156 [HTTP]: GET /api/chat/contacts | Status: 304 | Size: - B | Time: 541.344 ms | User: Admin User (admin@gmail.com)
2026-06-22 14:21:56:2156 [HTTP]: GET /api/admin/designations/permissions | Status: 200 | Size: 889 B | Time: 1072.007 ms | User: Admin User (admin@gmail.com)
2026-06-22 14:21:56:2156 [HTTP]: GET /api/admin/designations/permissions | Status: 200 | Size: 889 B | Time: 265.119 ms | User: Admin User (admin@gmail.com)
2026-06-22 14:22:02:222 [HTTP]: POST /api/login | Status: 400 | Size: 39 B | Time: 295.164 ms | User: anonymous (anonymous)
2026-06-22 14:22:05:225 [HTTP]: GET /api/designations | Status: 200 | Size: 28 B | Time: 260.418 ms | User: anonymous (anonymous)
2026-06-22 14:22:05:225 [HTTP]: GET /api/designations | Status: 304 | Size: - B | Time: 262.982 ms | User: anonymous (anonymous)
2026-06-22 14:22:32:2232 [HTTP]: POST /api/register | Status: 201 | Size: 89 B | Time: 3047.974 ms | User: anonymous (anonymous)
2026-06-22 14:22:44:2244 [HTTP]: POST /api/login | Status: 200 | Size: 132 B | Time: 3818.923 ms | User: anonymous (anonymous)
2026-06-22 14:23:10:2310 [HTTP]: POST /api/verify-otp | Status: 200 | Size: 1098 B | Time: 3407.399 ms | User: anonymous (anonymous)
2026-06-22 14:23:11:2311 [HTTP]: GET /api/user/notifications | Status: 304 | Size: - B | Time: 549.434 ms | User: soalwin thomas (soalwinthomas@gmail.com)
2026-06-22 14:23:11:2311 [HTTP]: GET /api/tasks | Status: 304 | Size: - B | Time: 821.256 ms | User: soalwin thomas (soalwinthomas@gmail.com)
2026-06-22 14:23:11:2311 [HTTP]: GET /api/chat/contacts | Status: 304 | Size: - B | Time: 1107.363 ms | User: soalwin thomas (soalwinthomas@gmail.com)
2026-06-22 14:23:11:2311 [HTTP]: GET /api/tasks | Status: 304 | Size: - B | Time: 544.048 ms | User: soalwin thomas (soalwinthomas@gmail.com)
2026-06-22 14:23:12:2312 [HTTP]: GET /api/chat/contacts | Status: 304 | Size: - B | Time: 830.506 ms | User: soalwin thomas (soalwinthomas@gmail.com)
2026-06-22 14:23:16:2316 [HTTP]: GET /api/chat/contacts | Status: 304 | Size: - B | Time: 522.493 ms | User: soalwin thomas (soalwinthomas@gmail.com)
2026-06-22 14:23:19:2319 [HTTP]: GET /api/chat/messages/e3dcfcca-00cb-49ed-9e20-34c6eb4f5ed0 | Status: 200 | Size: 2 B | Time: 566.680 ms | User: soalwin thomas (soalwinthomas@gmail.com)
2026-06-22 14:23:20:2320 [HTTP]: GET /api/chat/contacts | Status: 304 | Size: - B | Time: 508.151 ms | User: soalwin thomas (soalwinthomas@gmail.com)
2026-06-22 14:23:21:2321 [HTTP]: GET /api/chat/contacts | Status: 304 | Size: - B | Time: 511.664 ms | User: soalwin thomas (soalwinthomas@gmail.com)
2026-06-22 14:24:04:244 [HTTP]: GET /api/designations | Status: 304 | Size: - B | Time: 2337.286 ms | User: anonymous (anonymous)
2026-06-22 14:24:04:244 [HTTP]: GET /api/designations | Status: 304 | Size: - B | Time: 256.689 ms | User: anonymous (anonymous)
2026-06-22 14:27:15:2715 [HTTP]: POST /api/register | Status: 201 | Size: 89 B | Time: 3031.577 ms | User: anonymous (anonymous)
2026-06-22 14:27:39:2739 [HTTP]: POST /api/login | Status: 200 | Size: 123 B | Time: 5979.863 ms | User: anonymous (anonymous)
2026-06-22 14:28:00:280 [HTTP]: POST /api/verify-otp | Status: 200 | Size: 1072 B | Time: 3152.750 ms | User: anonymous (anonymous)
2026-06-22 14:28:00:280 [HTTP]: GET /api/user/notifications | Status: 304 | Size: - B | Time: 508.366 ms | User: raju abraham (raju@gmail.com)
2026-06-22 14:28:01:281 [HTTP]: GET /api/tasks | Status: 304 | Size: - B | Time: 760.320 ms | User: raju abraham (raju@gmail.com)
2026-06-22 14:28:01:281 [HTTP]: GET /api/tasks | Status: 304 | Size: - B | Time: 508.474 ms | User: raju abraham (raju@gmail.com)
2026-06-22 14:28:02:282 [HTTP]: GET /api/chat/contacts | Status: 200 | Size: 357 B | Time: 1545.891 ms | User: raju abraham (raju@gmail.com)
2026-06-22 14:28:02:282 [HTTP]: GET /api/chat/contacts | Status: 304 | Size: - B | Time: 802.749 ms | User: raju abraham (raju@gmail.com)
2026-06-22 14:28:04:284 [HTTP]: GET /api/chat/contacts | Status: 304 | Size: - B | Time: 780.303 ms | User: raju abraham (raju@gmail.com)
2026-06-22 14:28:05:285 [HTTP]: GET /api/chat/messages/2250ec44-8e16-4cf7-ad39-14ec3fca049e | Status: 200 | Size: 2 B | Time: 517.910 ms | User: raju abraham (raju@gmail.com)
2026-06-22 14:28:05:285 [HTTP]: GET /api/chat/contacts | Status: 304 | Size: - B | Time: 779.172 ms | User: raju abraham (raju@gmail.com)
2026-06-22 14:28:08:288 [HTTP]: POST /api/chat/messages | Status: 201 | Size: 256 B | Time: 772.232 ms | User: raju abraham (raju@gmail.com)
2026-06-22 14:28:11:2811 [HTTP]: GET /api/chat/contacts | Status: 304 | Size: - B | Time: 788.378 ms | User: raju abraham (raju@gmail.com)
2026-06-22 14:28:29:2829 [HTTP]: POST /api/login | Status: 400 | Size: 39 B | Time: 2714.279 ms | User: anonymous (anonymous)
2026-06-22 14:28:39:2839 [HTTP]: POST /api/login | Status: 200 | Size: 132 B | Time: 3692.756 ms | User: anonymous (anonymous)
2026-06-22 14:29:03:293 [HTTP]: POST /api/verify-otp | Status: 200 | Size: 1098 B | Time: 3148.048 ms | User: anonymous (anonymous)
2026-06-22 14:29:04:294 [HTTP]: GET /api/user/notifications | Status: 304 | Size: - B | Time: 509.779 ms | User: soalwin thomas (soalwinthomas@gmail.com)
2026-06-22 14:29:04:294 [HTTP]: GET /api/tasks | Status: 304 | Size: - B | Time: 763.109 ms | User: soalwin thomas (soalwinthomas@gmail.com)
2026-06-22 14:29:04:294 [HTTP]: GET /api/tasks | Status: 304 | Size: - B | Time: 508.308 ms | User: soalwin thomas (soalwinthomas@gmail.com)
2026-06-22 14:29:05:295 [HTTP]: GET /api/chat/contacts | Status: 200 | Size: 346 B | Time: 1552.317 ms | User: soalwin thomas (soalwinthomas@gmail.com)
2026-06-22 14:29:05:295 [HTTP]: GET /api/chat/contacts | Status: 304 | Size: - B | Time: 789.028 ms | User: soalwin thomas (soalwinthomas@gmail.com)
2026-06-22 14:29:07:297 [HTTP]: GET /api/chat/contacts | Status: 304 | Size: - B | Time: 828.416 ms | User: soalwin thomas (soalwinthomas@gmail.com)
2026-06-22 14:29:09:299 [HTTP]: GET /api/chat/contacts | Status: 304 | Size: - B | Time: 813.910 ms | User: soalwin thomas (soalwinthomas@gmail.com)
2026-06-22 14:29:31:2931 [HTTP]: GET /api/chat/messages/e3dcfcca-00cb-49ed-9e20-34c6eb4f5ed0 | Status: 200 | Size: 2 B | Time: 1580.380 ms | User: soalwin thomas (soalwinthomas@gmail.com)
2026-06-22 14:29:31:2931 [HTTP]: GET /api/chat/contacts | Status: 304 | Size: - B | Time: 3892.766 ms | User: soalwin thomas (soalwinthomas@gmail.com)
2026-06-22 14:29:32:2932 [HTTP]: GET /api/chat/contacts | Status: 304 | Size: - B | Time: 828.715 ms | User: soalwin thomas (soalwinthomas@gmail.com)
2026-06-22 14:29:35:2935 [HTTP]: POST /api/chat/messages | Status: 201 | Size: 254 B | Time: 825.512 ms | User: soalwin thomas (soalwinthomas@gmail.com)
2026-06-22 14:29:37:2937 [HTTP]: GET /api/chat/contacts | Status: 304 | Size: - B | Time: 835.673 ms | User: soalwin thomas (soalwinthomas@gmail.com)
2026-06-22 14:29:38:2938 [HTTP]: GET /api/chat/messages/3eb6f13e-88c6-4c1b-b86e-214c3a756fba | Status: 200 | Size: 258 B | Time: 553.762 ms | User: soalwin thomas (soalwinthomas@gmail.com)
2026-06-22 14:29:38:2938 [HTTP]: GET /api/chat/contacts | Status: 200 | Size: 346 B | Time: 827.328 ms | User: soalwin thomas (soalwinthomas@gmail.com)
2026-06-22 14:29:43:2943 [HTTP]: POST /api/chat/messages | Status: 201 | Size: 258 B | Time: 827.679 ms | User: soalwin thomas (soalwinthomas@gmail.com)
2026-06-22 14:29:45:2945 [HTTP]: GET /api/chat/contacts | Status: 304 | Size: - B | Time: 824.109 ms | User: soalwin thomas (soalwinthomas@gmail.com)
2026-06-22 14:29:51:2951 [HTTP]: GET /api/chat/messages/2250ec44-8e16-4cf7-ad39-14ec3fca049e | Status: 200 | Size: 516 B | Time: 560.567 ms | User: raju abraham (raju@gmail.com)
2026-06-22 14:29:52:2952 [HTTP]: GET /api/chat/contacts | Status: 304 | Size: - B | Time: 824.554 ms | User: raju abraham (raju@gmail.com)
2026-06-22 14:29:53:2953 [HTTP]: GET /api/chat/contacts | Status: 304 | Size: - B | Time: 825.998 ms | User: raju abraham (raju@gmail.com)
2026-06-22 14:29:54:2954 [HTTP]: GET /api/chat/contacts | Status: 304 | Size: - B | Time: 826.152 ms | User: raju abraham (raju@gmail.com)
2026-06-22 14:33:36:3336 [HTTP]: GET /api/chat/messages/e3dcfcca-00cb-49ed-9e20-34c6eb4f5ed0 | Status: 200 | Size: 256 B | Time: 2929.077 ms | User: soalwin thomas (soalwinthomas@gmail.com)
2026-06-22 14:33:36:3336 [HTTP]: GET /api/chat/contacts | Status: 304 | Size: - B | Time: 1572.114 ms | User: soalwin thomas (soalwinthomas@gmail.com)
2026-06-22 14:33:37:3337 [HTTP]: GET /api/chat/contacts | Status: 304 | Size: - B | Time: 803.185 ms | User: soalwin thomas (soalwinthomas@gmail.com)
2026-06-22 14:33:40:3340 [HTTP]: GET /api/chat/messages/3eb6f13e-88c6-4c1b-b86e-214c3a756fba | Status: 200 | Size: 515 B | Time: 524.308 ms | User: soalwin thomas (soalwinthomas@gmail.com)
2026-06-22 14:33:41:3341 [HTTP]: GET /api/chat/contacts | Status: 304 | Size: - B | Time: 781.473 ms | User: soalwin thomas (soalwinthomas@gmail.com)
2026-06-22 14:33:47:3347 [HTTP]: POST /api/chat/messages | Status: 201 | Size: 261 B | Time: 898.613 ms | User: soalwin thomas (soalwinthomas@gmail.com)
2026-06-22 14:33:49:3349 [HTTP]: GET /api/chat/contacts | Status: 304 | Size: - B | Time: 1271.585 ms | User: soalwin thomas (soalwinthomas@gmail.com)
2026-06-22 14:33:54:3354 [HTTP]: GET /api/chat/contacts | Status: 200 | Size: 357 B | Time: 783.461 ms | User: raju abraham (raju@gmail.com)
2026-06-22 14:33:55:3355 [HTTP]: GET /api/chat/messages/2250ec44-8e16-4cf7-ad39-14ec3fca049e | Status: 200 | Size: 777 B | Time: 521.396 ms | User: raju abraham (raju@gmail.com)
2026-06-22 14:33:56:3356 [HTTP]: GET /api/chat/contacts | Status: 200 | Size: 357 B | Time: 779.236 ms | User: raju abraham (raju@gmail.com)
2026-06-22 14:34:01:341 [HTTP]: POST /api/chat/messages | Status: 201 | Size: 260 B | Time: 810.300 ms | User: raju abraham (raju@gmail.com)
2026-06-22 14:35:25:3525 [HTTP]: GET /api/chat/contacts | Status: 200 | Size: 346 B | Time: 2920.762 ms | User: soalwin thomas (soalwinthomas@gmail.com)
2026-06-22 14:35:34:3534 [HTTP]: GET /api/designations | Status: 200 | Size: 28 B | Time: 262.179 ms | User: anonymous (anonymous)
2026-06-22 14:35:35:3535 [HTTP]: GET /api/designations | Status: 304 | Size: - B | Time: 262.498 ms | User: anonymous (anonymous)
2026-06-22 14:36:15:3615 [HTTP]: POST /api/register | Status: 201 | Size: 89 B | Time: 2992.349 ms | User: anonymous (anonymous)
2026-06-22 14:36:21:3621 [WARN]: [RateLimiter] IP ::1 exceeded limit on route [login] — count: 6/5
2026-06-22 14:36:21:3621 [HTTP]: POST /api/login | Status: 429 | Size: 84 B | Time: 11.078 ms | User: anonymous (anonymous)
2026-06-22 14:36:33:3633 [WARN]: [RateLimiter] IP ::1 exceeded limit on route [login] — count: 7/5
2026-06-22 14:36:33:3633 [HTTP]: POST /api/login | Status: 429 | Size: 84 B | Time: 2.716 ms | User: anonymous (anonymous)
2026-06-22 14:38:11:3811 [HTTP]: POST /api/login | Status: 200 | Size: 124 B | Time: 5825.418 ms | User: anonymous (anonymous)
2026-06-22 14:39:02:392 [HTTP]: POST /api/verify-otp | Status: 200 | Size: 1077 B | Time: 2865.689 ms | User: anonymous (anonymous)
2026-06-22 14:39:03:393 [HTTP]: GET /api/user/notifications | Status: 304 | Size: - B | Time: 532.788 ms | User: irine thomas (irine@gmail.com)
2026-06-22 14:39:03:393 [HTTP]: GET /api/tasks | Status: 304 | Size: - B | Time: 799.193 ms | User: irine thomas (irine@gmail.com)
2026-06-22 14:39:04:394 [HTTP]: GET /api/tasks | Status: 304 | Size: - B | Time: 513.670 ms | User: irine thomas (irine@gmail.com)
2026-06-22 14:39:04:394 [HTTP]: GET /api/chat/contacts | Status: 200 | Size: 532 B | Time: 1845.996 ms | User: irine thomas (irine@gmail.com)
2026-06-22 14:39:05:395 [HTTP]: GET /api/chat/contacts | Status: 304 | Size: - B | Time: 1025.101 ms | User: irine thomas (irine@gmail.com)
2026-06-22 14:39:14:3914 [HTTP]: GET /api/chat/contacts | Status: 304 | Size: - B | Time: 1032.730 ms | User: irine thomas (irine@gmail.com)
2026-06-22 14:39:23:3923 [HTTP]: GET /api/chat/contacts | Status: 200 | Size: 534 B | Time: 1039.777 ms | User: raju abraham (raju@gmail.com)
2026-06-22 14:39:24:3924 [HTTP]: GET /api/chat/contacts | Status: 304 | Size: - B | Time: 1038.415 ms | User: raju abraham (raju@gmail.com)
2026-06-22 14:39:26:3926 [HTTP]: GET /api/chat/contacts | Status: 304 | Size: - B | Time: 1049.761 ms | User: raju abraham (raju@gmail.com)
2026-06-22 14:39:33:3933 [HTTP]: GET /api/chat/contacts | Status: 304 | Size: - B | Time: 1036.782 ms | User: raju abraham (raju@gmail.com)
2026-06-22 14:49:59:4959 [HTTP]: GET /api/chat/messages/3eb6f13e-88c6-4c1b-b86e-214c3a756fba | Status: 200 | Size: 2 B | Time: 3328.763 ms | User: irine thomas (irine@gmail.com)
2026-06-22 14:50:00:500 [HTTP]: GET /api/chat/messages/e3dcfcca-00cb-49ed-9e20-34c6eb4f5ed0 | Status: 200 | Size: 2 B | Time: 789.521 ms | User: irine thomas (irine@gmail.com)
2026-06-22 14:50:00:500 [HTTP]: GET /api/chat/contacts | Status: 304 | Size: - B | Time: 2369.639 ms | User: irine thomas (irine@gmail.com)
2026-06-22 14:50:01:501 [HTTP]: GET /api/chat/contacts | Status: 304 | Size: - B | Time: 1019.346 ms | User: irine thomas (irine@gmail.com)
2026-06-22 14:50:02:502 [HTTP]: GET /api/chat/contacts | Status: 304 | Size: - B | Time: 1024.712 ms | User: irine thomas (irine@gmail.com)
2026-06-22 14:50:03:503 [HTTP]: GET /api/chat/contacts | Status: 304 | Size: - B | Time: 1025.788 ms | User: irine thomas (irine@gmail.com)
2026-06-22 16:33:13:3313 [HTTP]: GET /api/chat/contacts | Status: 304 | Size: - B | Time: 5508.581 ms | User: raju abraham (raju@gmail.com)
2026-06-22 16:34:03:343 [HTTP]: GET /api/chat/contacts | Status: 304 | Size: - B | Time: 2928.805 ms | User: raju abraham (raju@gmail.com)
2026-06-22 16:34:08:348 [HTTP]: GET /api/chat/contacts | Status: 304 | Size: - B | Time: 1071.428 ms | User: raju abraham (raju@gmail.com)
2026-06-22 16:34:10:3410 [HTTP]: GET /api/chat/messages/7b600a4b-5a06-49d1-b2a2-c8749c9f5313 | Status: 200 | Size: 2 B | Time: 550.294 ms | User: raju abraham (raju@gmail.com)
2026-06-22 16:34:11:3411 [HTTP]: GET /api/chat/contacts | Status: 304 | Size: - B | Time: 1028.174 ms | User: raju abraham (raju@gmail.com)
2026-06-22 16:34:15:3415 [HTTP]: GET /api/chat/contacts | Status: 304 | Size: - B | Time: 1032.488 ms | User: irine thomas (irine@gmail.com)
2026-06-22 16:34:23:3423 [HTTP]: POST /api/chat/messages | Status: 201 | Size: 256 B | Time: 834.608 ms | User: raju abraham (raju@gmail.com)
2026-06-22 16:34:26:3426 [HTTP]: GET /api/chat/contacts | Status: 200 | Size: 532 B | Time: 1038.527 ms | User: irine thomas (irine@gmail.com)
2026-06-22 16:34:32:3432 [HTTP]: GET /api/chat/messages/3eb6f13e-88c6-4c1b-b86e-214c3a756fba | Status: 200 | Size: 258 B | Time: 522.085 ms | User: irine thomas (irine@gmail.com)
2026-06-22 16:34:33:3433 [HTTP]: GET /api/chat/contacts | Status: 200 | Size: 532 B | Time: 1028.750 ms | User: irine thomas (irine@gmail.com)
2026-06-22 16:34:38:3438 [HTTP]: POST /api/chat/messages | Status: 201 | Size: 256 B | Time: 772.658 ms | User: irine thomas (irine@gmail.com)
2026-06-22 16:34:39:3439 [HTTP]: PUT /api/chat/messages/7b600a4b-5a06-49d1-b2a2-c8749c9f5313/read | Status: 200 | Size: 37 B | Time: 286.765 ms | User: raju abraham (raju@gmail.com)
2026-06-22 16:35:47:3547 [HTTP]: GET /api/chat/contacts | Status: 304 | Size: - B | Time: 3749.537 ms | User: raju abraham (raju@gmail.com)
2026-06-22 16:41:08:418 [HTTP]: GET / | Status: 404 | Size: 139 B | Time: 57.642 ms | User: anonymous (anonymous)
2026-06-22 16:41:17:4117 [HTTP]: GET /api/user/notifications | Status: 304 | Size: - B | Time: 3295.879 ms | User: raju abraham (raju@gmail.com)
2026-06-22 16:41:17:4117 [HTTP]: GET /api/tasks | Status: 304 | Size: - B | Time: 3306.299 ms | User: raju abraham (raju@gmail.com)
2026-06-22 16:41:17:4117 [HTTP]: GET /api/user/me | Status: 200 | Size: 379 B | Time: 3450.748 ms | User: raju abraham (raju@gmail.com)
2026-06-22 16:41:18:4118 [HTTP]: GET /api/tasks | Status: 304 | Size: - B | Time: 258.608 ms | User: raju abraham (raju@gmail.com)
2026-06-22 16:41:18:4118 [HTTP]: GET /api/chat/contacts | Status: 304 | Size: - B | Time: 3968.301 ms | User: raju abraham (raju@gmail.com)
2026-06-22 16:41:18:4118 [HTTP]: GET /api/user/me | Status: 304 | Size: - B | Time: 598.122 ms | User: raju abraham (raju@gmail.com)
2026-06-22 16:41:19:4119 [HTTP]: GET /api/chat/contacts | Status: 304 | Size: - B | Time: 1112.949 ms | User: raju abraham (raju@gmail.com)
2026-06-22 16:41:28:4128 [HTTP]: POST /api/login | Status: 200 | Size: 124 B | Time: 3622.417 ms | User: anonymous (anonymous)
2026-06-22 16:42:16:4216 [HTTP]: POST /api/verify-otp | Status: 200 | Size: 1063 B | Time: 2847.968 ms | User: anonymous (anonymous)
2026-06-22 16:42:16:4216 [HTTP]: GET /api/user/notifications | Status: 304 | Size: - B | Time: 260.272 ms | User: Admin User (admin@gmail.com)
2026-06-22 16:42:17:4217 [HTTP]: GET /api/tasks | Status: 304 | Size: - B | Time: 762.057 ms | User: Admin User (admin@gmail.com)
2026-06-22 16:42:17:4217 [HTTP]: GET /api/tasks | Status: 304 | Size: - B | Time: 509.812 ms | User: Admin User (admin@gmail.com)
2026-06-22 16:42:18:4218 [HTTP]: GET /api/chat/contacts | Status: 200 | Size: 539 B | Time: 1796.530 ms | User: Admin User (admin@gmail.com)
2026-06-22 16:42:23:4223 [HTTP]: GET /api/chat/contacts | Status: 304 | Size: - B | Time: 1111.525 ms | User: Admin User (admin@gmail.com)
2026-06-22 16:42:30:4230 [HTTP]: GET /api/chat/messages/3eb6f13e-88c6-4c1b-b86e-214c3a756fba | Status: 200 | Size: 2 B | Time: 1099.890 ms | User: Admin User (admin@gmail.com)
2026-06-22 16:42:31:4231 [HTTP]: GET /api/chat/contacts | Status: 304 | Size: - B | Time: 1115.825 ms | User: Admin User (admin@gmail.com)
2026-06-22 16:42:32:4232 [HTTP]: GET /api/chat/contacts | Status: 304 | Size: - B | Time: 1117.886 ms | User: Admin User (admin@gmail.com)
2026-06-22 16:43:00:430 [HTTP]: GET /api/tasks | Status: 304 | Size: - B | Time: 2522.665 ms | User: irine thomas (irine@gmail.com)
2026-06-22 16:43:00:430 [HTTP]: GET /api/user/notifications | Status: 304 | Size: - B | Time: 2769.183 ms | User: irine thomas (irine@gmail.com)
2026-06-22 16:43:00:430 [HTTP]: GET /api/user/me | Status: 200 | Size: 381 B | Time: 2969.463 ms | User: irine thomas (irine@gmail.com)
2026-06-22 16:43:00:430 [HTTP]: GET /api/tasks | Status: 304 | Size: - B | Time: 515.770 ms | User: irine thomas (irine@gmail.com)
2026-06-22 16:43:00:430 [HTTP]: GET /api/tasks | Status: 304 | Size: - B | Time: 258.397 ms | User: irine thomas (irine@gmail.com)
2026-06-22 16:43:01:431 [HTTP]: GET /api/user/me | Status: 304 | Size: - B | Time: 530.828 ms | User: irine thomas (irine@gmail.com)
2026-06-22 16:43:01:431 [HTTP]: GET /api/chat/contacts | Status: 304 | Size: - B | Time: 3571.819 ms | User: irine thomas (irine@gmail.com)
2026-06-22 16:43:01:431 [HTTP]: GET /api/tasks | Status: 304 | Size: - B | Time: 274.456 ms | User: irine thomas (irine@gmail.com)
2026-06-22 16:43:02:432 [HTTP]: GET /api/chat/contacts | Status: 304 | Size: - B | Time: 1040.939 ms | User: irine thomas (irine@gmail.com)
2026-06-22 16:43:03:433 [HTTP]: GET /api/chat/contacts | Status: 304 | Size: - B | Time: 1030.598 ms | User: irine thomas (irine@gmail.com)
2026-06-22 16:43:04:434 [HTTP]: GET /api/chat/contacts | Status: 304 | Size: - B | Time: 1058.595 ms | User: irine thomas (irine@gmail.com)
2026-06-22 16:43:05:435 [HTTP]: GET /api/chat/contacts | Status: 304 | Size: - B | Time: 1037.159 ms | User: irine thomas (irine@gmail.com)
2026-06-22 16:43:08:438 [HTTP]: GET /api/chat/contacts | Status: 304 | Size: - B | Time: 1037.658 ms | User: irine thomas (irine@gmail.com)
2026-06-22 16:43:10:4310 [HTTP]: GET /api/designations | Status: 304 | Size: - B | Time: 258.785 ms | User: anonymous (anonymous)
2026-06-22 16:43:10:4310 [HTTP]: GET /api/designations | Status: 304 | Size: - B | Time: 256.795 ms | User: anonymous (anonymous)
2026-06-22 16:43:53:4353 [HTTP]: POST /api/register | Status: 201 | Size: 89 B | Time: 3072.873 ms | User: anonymous (anonymous)
2026-06-22 16:44:02:442 [HTTP]: POST /api/login | Status: 200 | Size: 124 B | Time: 3272.751 ms | User: anonymous (anonymous)
2026-06-22 16:44:28:4428 [HTTP]: POST /api/login | Status: - | Size: - B | Time: - ms | User: anonymous (anonymous)
2026-06-22 16:44:51:4451 [HTTP]: POST /api/login | Status: 200 | Size: 124 B | Time: 5049.787 ms | User: anonymous (anonymous)
2026-06-22 16:45:07:457 [HTTP]: POST /api/verify-otp | Status: 200 | Size: 1067 B | Time: 3178.358 ms | User: anonymous (anonymous)
2026-06-22 16:45:07:457 [HTTP]: GET /api/chat/contacts | Status: 200 | Size: 2 B | Time: 294.629 ms | User: jancy  (jancy@gmail.com)
2026-06-22 16:45:08:458 [HTTP]: GET /api/user/notifications | Status: 304 | Size: - B | Time: 544.925 ms | User: jancy  (jancy@gmail.com)
2026-06-22 16:45:08:458 [HTTP]: GET /api/tasks | Status: 304 | Size: - B | Time: 797.125 ms | User: jancy  (jancy@gmail.com)
2026-06-22 16:45:08:458 [HTTP]: GET /api/chat/contacts | Status: 304 | Size: - B | Time: 749.438 ms | User: jancy  (jancy@gmail.com)
2026-06-22 16:45:08:458 [HTTP]: GET /api/tasks | Status: 304 | Size: - B | Time: 550.110 ms | User: jancy  (jancy@gmail.com)
2026-06-22 16:45:18:4518 [HTTP]: GET /api/chat/contacts | Status: 304 | Size: - B | Time: 275.012 ms | User: jancy  (jancy@gmail.com)
2026-06-22 16:45:20:4520 [HTTP]: GET /api/chat/contacts | Status: 304 | Size: - B | Time: 288.969 ms | User: jancy  (jancy@gmail.com)
2026-06-22 16:45:30:4530 [HTTP]: GET /api/chat/contacts | Status: 304 | Size: - B | Time: 1692.849 ms | User: Admin User (admin@gmail.com)
2026-06-22 16:45:31:4531 [HTTP]: GET /api/chat/contacts | Status: 304 | Size: - B | Time: 1122.701 ms | User: Admin User (admin@gmail.com)
2026-06-22 16:45:34:4534 [HTTP]: GET /api/chat/messages/2250ec44-8e16-4cf7-ad39-14ec3fca049e | Status: 200 | Size: 256 B | Time: 1080.245 ms | User: Admin User (admin@gmail.com)
2026-06-22 16:45:35:4535 [HTTP]: GET /api/chat/contacts | Status: 200 | Size: 539 B | Time: 1134.469 ms | User: Admin User (admin@gmail.com)
2026-06-22 16:45:36:4536 [HTTP]: GET /api/chat/contacts | Status: 304 | Size: - B | Time: 1112.757 ms | User: Admin User (admin@gmail.com)
2026-06-22 16:45:37:4537 [HTTP]: GET /api/tasks | Status: 304 | Size: - B | Time: 550.191 ms | User: Admin User (admin@gmail.com)
2026-06-22 16:45:38:4538 [HTTP]: GET /api/user/notifications | Status: 304 | Size: - B | Time: 1091.630 ms | User: Admin User (admin@gmail.com)
2026-06-22 16:45:38:4538 [HTTP]: GET /api/user/me | Status: 200 | Size: 375 B | Time: 1420.198 ms | User: Admin User (admin@gmail.com)
2026-06-22 16:45:38:4538 [HTTP]: GET /api/tasks | Status: 304 | Size: - B | Time: 1117.987 ms | User: Admin User (admin@gmail.com)
2026-06-22 16:45:39:4539 [HTTP]: GET /api/tasks | Status: 304 | Size: - B | Time: 694.955 ms | User: Admin User (admin@gmail.com)
2026-06-22 16:45:39:4539 [HTTP]: GET /api/user/me | Status: 304 | Size: - B | Time: 1221.657 ms | User: Admin User (admin@gmail.com)
2026-06-22 16:45:39:4539 [HTTP]: GET /api/tasks | Status: 304 | Size: - B | Time: 260.215 ms | User: Admin User (admin@gmail.com)
2026-06-22 16:45:39:4539 [HTTP]: GET /api/chat/contacts | Status: 304 | Size: - B | Time: 2794.098 ms | User: Admin User (admin@gmail.com)
2026-06-22 16:45:41:4541 [HTTP]: GET /api/chat/contacts | Status: 304 | Size: - B | Time: 1103.413 ms | User: Admin User (admin@gmail.com)
2026-06-22 16:45:42:4542 [HTTP]: GET /api/chat/contacts | Status: 304 | Size: - B | Time: 1123.955 ms | User: Admin User (admin@gmail.com)
2026-06-22 16:45:43:4543 [HTTP]: GET /api/chat/contacts | Status: 304 | Size: - B | Time: 1104.618 ms | User: Admin User (admin@gmail.com)
2026-06-22 16:45:44:4544 [HTTP]: GET /api/chat/contacts | Status: 304 | Size: - B | Time: 1102.868 ms | User: Admin User (admin@gmail.com)
2026-06-22 16:45:54:4554 [HTTP]: GET /api/chat/contacts | Status: 304 | Size: - B | Time: 1100.886 ms | User: Admin User (admin@gmail.com)
2026-06-22 16:47:42:4742 [HTTP]: GET /api/chat/contacts | Status: 304 | Size: - B | Time: 2148.597 ms | User: jancy  (jancy@gmail.com)
2026-06-22 16:47:43:4743 [HTTP]: GET /api/chat/contacts | Status: 304 | Size: - B | Time: 298.208 ms | User: jancy  (jancy@gmail.com)
