2026-06-22 09:35:19:3519 [ERROR]: PostgreSQL connection error: connect ECONNREFUSED 127.0.0.1:5432
SequelizeConnectionRefusedError: connect ECONNREFUSED 127.0.0.1:5432
    at Client._connectionCallback (C:\Users\soalw\OneDrive\Desktop\inciem tasks\backend\node_modules\sequelize\lib\dialects\postgres\connection-manager.js:133:24)
    at Client._handleErrorWhileConnecting (C:\Users\soalw\OneDrive\Desktop\inciem tasks\backend\node_modules\pg\lib\client.js:403:19)
    at Client._handleErrorEvent (C:\Users\soalw\OneDrive\Desktop\inciem tasks\backend\node_modules\pg\lib\client.js:413:19)
    at Connection.emit (node:events:518:28)
    at Socket.reportStreamError (C:\Users\soalw\OneDrive\Desktop\inciem tasks\backend\node_modules\pg\lib\connection.js:58:12)
    at Socket.emit (node:events:518:28)
    at emitErrorNT (node:internal/streams/destroy:170:8)
    at emitErrorCloseNT (node:internal/streams/destroy:129:3)
    at process.processTicksAndRejections (node:internal/process/task_queues:90:21)
2026-06-22 10:22:19:2219 [ERROR]: PostgreSQL connection error: password authentication failed for user "postgres"
SequelizeConnectionError: password authentication failed for user "postgres"
    at Client._connectionCallback (C:\Users\soalw\OneDrive\Desktop\inciem tasks\backend\node_modules\sequelize\lib\dialects\postgres\connection-manager.js:145:24)
    at Client._handleErrorWhileConnecting (C:\Users\soalw\OneDrive\Desktop\inciem tasks\backend\node_modules\pg\lib\client.js:403:19)
    at Client._handleErrorMessage (C:\Users\soalw\OneDrive\Desktop\inciem tasks\backend\node_modules\pg\lib\client.js:423:19)
    at Connection.emit (node:events:518:28)
    at C:\Users\soalw\OneDrive\Desktop\inciem tasks\backend\node_modules\pg\lib\connection.js:136:12
    at Parser.parse (C:\Users\soalw\OneDrive\Desktop\inciem tasks\backend\node_modules\pg-protocol\dist\parser.js:38:17)
    at Socket.<anonymous> (C:\Users\soalw\OneDrive\Desktop\inciem tasks\backend\node_modules\pg-protocol\dist\index.js:12:42)
    at Socket.emit (node:events:518:28)
    at addChunk (node:internal/streams/readable:561:12)
    at readableAddChunkPushByteMode (node:internal/streams/readable:512:3)
2026-06-22 10:22:51:2251 [ERROR]: PostgreSQL connection error: database "employee_db" does not exist
SequelizeConnectionError: database "employee_db" does not exist
    at Client._connectionCallback (C:\Users\soalw\OneDrive\Desktop\inciem tasks\backend\node_modules\sequelize\lib\dialects\postgres\connection-manager.js:145:24)
    at Client._handleErrorWhileConnecting (C:\Users\soalw\OneDrive\Desktop\inciem tasks\backend\node_modules\pg\lib\client.js:403:19)
    at Client._handleErrorMessage (C:\Users\soalw\OneDrive\Desktop\inciem tasks\backend\node_modules\pg\lib\client.js:423:19)
    at Connection.emit (node:events:518:28)
    at C:\Users\soalw\OneDrive\Desktop\inciem tasks\backend\node_modules\pg\lib\connection.js:136:12
    at Parser.parse (C:\Users\soalw\OneDrive\Desktop\inciem tasks\backend\node_modules\pg-protocol\dist\parser.js:38:17)
    at Socket.<anonymous> (C:\Users\soalw\OneDrive\Desktop\inciem tasks\backend\node_modules\pg-protocol\dist\index.js:12:42)
    at Socket.emit (node:events:518:28)
    at addChunk (node:internal/streams/readable:561:12)
    at readableAddChunkPushByteMode (node:internal/streams/readable:512:3)
2026-06-22 10:23:18:2318 [ERROR]: PostgreSQL connection error: database "Task%20Manger" does not exist
SequelizeConnectionError: database "Task%20Manger" does not exist
    at Client._connectionCallback (C:\Users\soalw\OneDrive\Desktop\inciem tasks\backend\node_modules\sequelize\lib\dialects\postgres\connection-manager.js:145:24)
    at Client._handleErrorWhileConnecting (C:\Users\soalw\OneDrive\Desktop\inciem tasks\backend\node_modules\pg\lib\client.js:403:19)
    at Client._handleErrorMessage (C:\Users\soalw\OneDrive\Desktop\inciem tasks\backend\node_modules\pg\lib\client.js:423:19)
    at Connection.emit (node:events:518:28)
    at C:\Users\soalw\OneDrive\Desktop\inciem tasks\backend\node_modules\pg\lib\connection.js:136:12
    at Parser.parse (C:\Users\soalw\OneDrive\Desktop\inciem tasks\backend\node_modules\pg-protocol\dist\parser.js:38:17)
    at Socket.<anonymous> (C:\Users\soalw\OneDrive\Desktop\inciem tasks\backend\node_modules\pg-protocol\dist\index.js:12:42)
    at Socket.emit (node:events:518:28)
    at addChunk (node:internal/streams/readable:561:12)
    at readableAddChunkPushByteMode (node:internal/streams/readable:512:3)
2026-06-22 10:26:35:2635 [ERROR]: PostgreSQL connection error: database "task_manger" does not exist
SequelizeConnectionError: database "task_manger" does not exist
    at Client._connectionCallback (C:\Users\soalw\OneDrive\Desktop\inciem tasks\backend\node_modules\sequelize\lib\dialects\postgres\connection-manager.js:145:24)
    at Client._handleErrorWhileConnecting (C:\Users\soalw\OneDrive\Desktop\inciem tasks\backend\node_modules\pg\lib\client.js:403:19)
    at Client._handleErrorMessage (C:\Users\soalw\OneDrive\Desktop\inciem tasks\backend\node_modules\pg\lib\client.js:423:19)
    at Connection.emit (node:events:518:28)
    at C:\Users\soalw\OneDrive\Desktop\inciem tasks\backend\node_modules\pg\lib\connection.js:136:12
    at Parser.parse (C:\Users\soalw\OneDrive\Desktop\inciem tasks\backend\node_modules\pg-protocol\dist\parser.js:38:17)
    at Socket.<anonymous> (C:\Users\soalw\OneDrive\Desktop\inciem tasks\backend\node_modules\pg-protocol\dist\index.js:12:42)
    at Socket.emit (node:events:518:28)
    at addChunk (node:internal/streams/readable:561:12)
    at readableAddChunkPushByteMode (node:internal/streams/readable:512:3)
2026-06-22 13:47:26:4726 [ERROR]: Uncaught Exception! Shutting down server... listen EADDRINUSE: address already in use :::5000
Error: listen EADDRINUSE: address already in use :::5000
    at Server.setupListenHandle [as _listen2] (node:net:1937:16)
    at listenInCluster (node:net:1994:12)
    at Server.listen (node:net:2099:7)
    at file:///C:/Users/soalw/OneDrive/Desktop/inciem%20tasks/backend/server.js:185:12
    at process.processTicksAndRejections (node:internal/process/task_queues:105:5)
